{
  "/Users/raghammer/Desktop/COMP6080/ass4/presto/frontend/src/components/InputLabel.js": {
    "path": "/Users/raghammer/Desktop/COMP6080/ass4/presto/frontend/src/components/InputLabel.js",
    "statementMap": {
      "0": {
        "start": {
          "line": 5,
          "column": 16
        },
        "end": {
          "line": 10,
          "column": 2
        }
      },
      "1": {
        "start": {
          "line": 12,
          "column": 14
        },
        "end": {
          "line": 17,
          "column": 2
        }
      },
      "2": {
        "start": {
          "line": 19,
          "column": 14
        },
        "end": {
          "line": 29,
          "column": 2
        }
      },
      "3": {
        "start": {
          "line": 31,
          "column": 24
        },
        "end": {
          "line": 57,
          "column": 1
        }
      },
      "4": {
        "start": {
          "line": 39,
          "column": 28
        },
        "end": {
          "line": 41,
          "column": 3
        }
      },
      "5": {
        "start": {
          "line": 40,
          "column": 4
        },
        "end": {
          "line": 40,
          "column": 33
        }
      },
      "6": {
        "start": {
          "line": 43,
          "column": 2
        },
        "end": {
          "line": 56,
          "column": 4
        }
      }
    },
    "fnMap": {
      "0": {
        "name": "(anonymous_0)",
        "decl": {
          "start": {
            "line": 31,
            "column": 24
          },
          "end": {
            "line": 31,
            "column": 25
          }
        },
        "loc": {
          "start": {
            "line": 38,
            "column": 6
          },
          "end": {
            "line": 57,
            "column": 1
          }
        },
        "line": 38
      },
      "1": {
        "name": "(anonymous_1)",
        "decl": {
          "start": {
            "line": 39,
            "column": 28
          },
          "end": {
            "line": 39,
            "column": 29
          }
        },
        "loc": {
          "start": {
            "line": 39,
            "column": 39
          },
          "end": {
            "line": 41,
            "column": 3
          }
        },
        "line": 39
      }
    },
    "branchMap": {
      "0": {
        "loc": {
          "start": {
            "line": 45,
            "column": 26
          },
          "end": {
            "line": 45,
            "column": 78
          }
        },
        "type": "cond-expr",
        "locations": [
          {
            "start": {
              "line": 45,
              "column": 39
            },
            "end": {
              "line": 45,
              "column": 60
            }
          },
          {
            "start": {
              "line": 45,
              "column": 63
            },
            "end": {
              "line": 45,
              "column": 78
            }
          }
        ],
        "line": 45
      },
      "1": {
        "loc": {
          "start": {
            "line": 53,
            "column": 21
          },
          "end": {
            "line": 53,
            "column": 62
          }
        },
        "type": "cond-expr",
        "locations": [
          {
            "start": {
              "line": 53,
              "column": 34
            },
            "end": {
              "line": 53,
              "column": 44
            }
          },
          {
            "start": {
              "line": 53,
              "column": 47
            },
            "end": {
              "line": 53,
              "column": 62
            }
          }
        ],
        "line": 53
      }
    },
    "s": {
      "0": 1,
      "1": 1,
      "2": 1,
      "3": 1,
      "4": 2212,
      "5": 367,
      "6": 2212
    },
    "f": {
      "0": 2212,
      "1": 367
    },
    "b": {
      "0": [
        2170,
        42
      ],
      "1": [
        2170,
        42
      ]
    },
    "_coverageSchema": "1a1c01bbd47fc00a2c39e90264f33305004495a9",
    "hash": "80bb8385a2b9aaad2619efd2ea161763995ca168"
  },
  "/Users/raghammer/Desktop/COMP6080/ass4/presto/frontend/src/authPages/loginPage/LoginPageInputs.js": {
    "path": "/Users/raghammer/Desktop/COMP6080/ass4/presto/frontend/src/authPages/loginPage/LoginPageInputs.js",
    "statementMap": {
      "0": {
        "start": {
          "line": 4,
          "column": 24
        },
        "end": {
          "line": 25,
          "column": 1
        }
      },
      "1": {
        "start": {
          "line": 5,
          "column": 2
        },
        "end": {
          "line": 24,
          "column": 4
        }
      }
    },
    "fnMap": {
      "0": {
        "name": "(anonymous_0)",
        "decl": {
          "start": {
            "line": 4,
            "column": 24
          },
          "end": {
            "line": 4,
            "column": 25
          }
        },
        "loc": {
          "start": {
            "line": 4,
            "column": 70
          },
          "end": {
            "line": 25,
            "column": 1
          }
        },
        "line": 4
      }
    },
    "branchMap": {},
    "s": {
      "0": 1,
      "1": 94
    },
    "f": {
      "0": 94
    },
    "b": {},
    "_coverageSchema": "1a1c01bbd47fc00a2c39e90264f33305004495a9",
    "hash": "7196ca87ca0e129ba814be2e75171a59d5e24ced"
  },
  "/Users/raghammer/Desktop/COMP6080/ass4/presto/frontend/src/components/CustomePrimaryButton.js": {
    "path": "/Users/raghammer/Desktop/COMP6080/ass4/presto/frontend/src/components/CustomePrimaryButton.js",
    "statementMap": {
      "0": {
        "start": {
          "line": 4,
          "column": 28
        },
        "end": {
          "line": 35,
          "column": 1
        }
      },
      "1": {
        "start": {
          "line": 11,
          "column": 2
        },
        "end": {
          "line": 34,
          "column": 4
        }
      }
    },
    "fnMap": {
      "0": {
        "name": "(anonymous_0)",
        "decl": {
          "start": {
            "line": 4,
            "column": 28
          },
          "end": {
            "line": 4,
            "column": 29
          }
        },
        "loc": {
          "start": {
            "line": 10,
            "column": 6
          },
          "end": {
            "line": 35,
            "column": 1
          }
        },
        "line": 10
      }
    },
    "branchMap": {
      "0": {
        "loc": {
          "start": {
            "line": 26,
            "column": 13
          },
          "end": {
            "line": 26,
            "column": 34
          }
        },
        "type": "binary-expr",
        "locations": [
          {
            "start": {
              "line": 26,
              "column": 13
            },
            "end": {
              "line": 26,
              "column": 28
            }
          },
          {
            "start": {
              "line": 26,
              "column": 32
            },
            "end": {
              "line": 26,
              "column": 34
            }
          }
        ],
        "line": 26
      },
      "1": {
        "loc": {
          "start": {
            "line": 30,
            "column": 19
          },
          "end": {
            "line": 30,
            "column": 47
          }
        },
        "type": "cond-expr",
        "locations": [
          {
            "start": {
              "line": 30,
              "column": 32
            },
            "end": {
              "line": 30,
              "column": 42
            }
          },
          {
            "start": {
              "line": 30,
              "column": 45
            },
            "end": {
              "line": 30,
              "column": 47
            }
          }
        ],
        "line": 30
      }
    },
    "s": {
      "0": 1,
      "1": 1692
    },
    "f": {
      "0": 1692
    },
    "b": {
      "0": [
        1692,
        0
      ],
      "1": [
        1652,
        40
      ]
    },
    "_coverageSchema": "1a1c01bbd47fc00a2c39e90264f33305004495a9",
    "hash": "383b003fcfb9f9c373e4074fccbcf03030a8dad6"
  },
  "/Users/raghammer/Desktop/COMP6080/ass4/presto/frontend/src/components/RedirectInfo.js": {
    "path": "/Users/raghammer/Desktop/COMP6080/ass4/presto/frontend/src/components/RedirectInfo.js",
    "statementMap": {
      "0": {
        "start": {
          "line": 5,
          "column": 21
        },
        "end": {
          "line": 9,
          "column": 2
        }
      },
      "1": {
        "start": {
          "line": 11,
          "column": 21
        },
        "end": {
          "line": 27,
          "column": 1
        }
      },
      "2": {
        "start": {
          "line": 17,
          "column": 2
        },
        "end": {
          "line": 26,
          "column": 4
        }
      }
    },
    "fnMap": {
      "0": {
        "name": "(anonymous_0)",
        "decl": {
          "start": {
            "line": 11,
            "column": 21
          },
          "end": {
            "line": 11,
            "column": 22
          }
        },
        "loc": {
          "start": {
            "line": 16,
            "column": 6
          },
          "end": {
            "line": 27,
            "column": 1
          }
        },
        "line": 16
      }
    },
    "branchMap": {
      "0": {
        "loc": {
          "start": {
            "line": 20,
            "column": 13
          },
          "end": {
            "line": 20,
            "column": 35
          }
        },
        "type": "binary-expr",
        "locations": [
          {
            "start": {
              "line": 20,
              "column": 13
            },
            "end": {
              "line": 20,
              "column": 29
            }
          },
          {
            "start": {
              "line": 20,
              "column": 33
            },
            "end": {
              "line": 20,
              "column": 35
            }
          }
        ],
        "line": 20
      }
    },
    "s": {
      "0": 1,
      "1": 1,
      "2": 352
    },
    "f": {
      "0": 352
    },
    "b": {
      "0": [
        352,
        0
      ]
    },
    "_coverageSchema": "1a1c01bbd47fc00a2c39e90264f33305004495a9",
    "hash": "18a8ce49293e3498029050588c98af0ae5368134"
  },
  "/Users/raghammer/Desktop/COMP6080/ass4/presto/frontend/src/authPages/loginPage/LoginPageFooter.js": {
    "path": "/Users/raghammer/Desktop/COMP6080/ass4/presto/frontend/src/authPages/loginPage/LoginPageFooter.js",
    "statementMap": {
      "0": {
        "start": {
          "line": 7,
          "column": 24
        },
        "end": {
          "line": 43,
          "column": 1
        }
      },
      "1": {
        "start": {
          "line": 8,
          "column": 14
        },
        "end": {
          "line": 8,
          "column": 27
        }
      },
      "2": {
        "start": {
          "line": 10,
          "column": 35
        },
        "end": {
          "line": 12,
          "column": 3
        }
      },
      "3": {
        "start": {
          "line": 11,
          "column": 4
        },
        "end": {
          "line": 11,
          "column": 21
        }
      },
      "4": {
        "start": {
          "line": 14,
          "column": 26
        },
        "end": {
          "line": 16,
          "column": 3
        }
      },
      "5": {
        "start": {
          "line": 15,
          "column": 4
        },
        "end": {
          "line": 15,
          "column": 89
        }
      },
      "6": {
        "start": {
          "line": 18,
          "column": 23
        },
        "end": {
          "line": 20,
          "column": 3
        }
      },
      "7": {
        "start": {
          "line": 19,
          "column": 4
        },
        "end": {
          "line": 19,
          "column": 29
        }
      },
      "8": {
        "start": {
          "line": 22,
          "column": 2
        },
        "end": {
          "line": 42,
          "column": 4
        }
      }
    },
    "fnMap": {
      "0": {
        "name": "(anonymous_0)",
        "decl": {
          "start": {
            "line": 7,
            "column": 24
          },
          "end": {
            "line": 7,
            "column": 25
          }
        },
        "loc": {
          "start": {
            "line": 7,
            "column": 66
          },
          "end": {
            "line": 43,
            "column": 1
          }
        },
        "line": 7
      },
      "1": {
        "name": "(anonymous_1)",
        "decl": {
          "start": {
            "line": 10,
            "column": 35
          },
          "end": {
            "line": 10,
            "column": 36
          }
        },
        "loc": {
          "start": {
            "line": 10,
            "column": 41
          },
          "end": {
            "line": 12,
            "column": 3
          }
        },
        "line": 10
      },
      "2": {
        "name": "(anonymous_2)",
        "decl": {
          "start": {
            "line": 14,
            "column": 26
          },
          "end": {
            "line": 14,
            "column": 27
          }
        },
        "loc": {
          "start": {
            "line": 14,
            "column": 32
          },
          "end": {
            "line": 16,
            "column": 3
          }
        },
        "line": 14
      },
      "3": {
        "name": "(anonymous_3)",
        "decl": {
          "start": {
            "line": 18,
            "column": 23
          },
          "end": {
            "line": 18,
            "column": 24
          }
        },
        "loc": {
          "start": {
            "line": 18,
            "column": 29
          },
          "end": {
            "line": 20,
            "column": 3
          }
        },
        "line": 18
      }
    },
    "branchMap": {
      "0": {
        "loc": {
          "start": {
            "line": 24,
            "column": 22
          },
          "end": {
            "line": 24,
            "column": 71
          }
        },
        "type": "cond-expr",
        "locations": [
          {
            "start": {
              "line": 24,
              "column": 37
            },
            "end": {
              "line": 24,
              "column": 54
            }
          },
          {
            "start": {
              "line": 24,
              "column": 57
            },
            "end": {
              "line": 24,
              "column": 71
            }
          }
        ],
        "line": 24
      }
    },
    "s": {
      "0": 1,
      "1": 94,
      "2": 94,
      "3": 0,
      "4": 94,
      "5": 78,
      "6": 94,
      "7": 16,
      "8": 94
    },
    "f": {
      "0": 94,
      "1": 0,
      "2": 78,
      "3": 16
    },
    "b": {
      "0": [
        78,
        16
      ]
    },
    "_coverageSchema": "1a1c01bbd47fc00a2c39e90264f33305004495a9",
    "hash": "742eb9a927225807d8c24ed06cb08e4bde9b8090"
  },
  "/Users/raghammer/Desktop/COMP6080/ass4/presto/frontend/src/shared/validators.js": {
    "path": "/Users/raghammer/Desktop/COMP6080/ass4/presto/frontend/src/shared/validators.js",
    "statementMap": {
      "0": {
        "start": {
          "line": 1,
          "column": 33
        },
        "end": {
          "line": 5,
          "column": 1
        }
      },
      "1": {
        "start": {
          "line": 2,
          "column": 22
        },
        "end": {
          "line": 2,
          "column": 40
        }
      },
      "2": {
        "start": {
          "line": 3,
          "column": 22
        },
        "end": {
          "line": 3,
          "column": 48
        }
      },
      "3": {
        "start": {
          "line": 4,
          "column": 2
        },
        "end": {
          "line": 4,
          "column": 36
        }
      },
      "4": {
        "start": {
          "line": 7,
          "column": 36
        },
        "end": {
          "line": 31,
          "column": 1
        }
      },
      "5": {
        "start": {
          "line": 13,
          "column": 22
        },
        "end": {
          "line": 13,
          "column": 40
        }
      },
      "6": {
        "start": {
          "line": 14,
          "column": 22
        },
        "end": {
          "line": 14,
          "column": 48
        }
      },
      "7": {
        "start": {
          "line": 15,
          "column": 26
        },
        "end": {
          "line": 15,
          "column": 52
        }
      },
      "8": {
        "start": {
          "line": 16,
          "column": 25
        },
        "end": {
          "line": 16,
          "column": 51
        }
      },
      "9": {
        "start": {
          "line": 19,
          "column": 4
        },
        "end": {
          "line": 19,
          "column": 105
        }
      },
      "10": {
        "start": {
          "line": 21,
          "column": 2
        },
        "end": {
          "line": 25,
          "column": 3
        }
      },
      "11": {
        "start": {
          "line": 22,
          "column": 4
        },
        "end": {
          "line": 22,
          "column": 44
        }
      },
      "12": {
        "start": {
          "line": 23,
          "column": 9
        },
        "end": {
          "line": 25,
          "column": 3
        }
      },
      "13": {
        "start": {
          "line": 24,
          "column": 4
        },
        "end": {
          "line": 24,
          "column": 37
        }
      },
      "14": {
        "start": {
          "line": 27,
          "column": 2
        },
        "end": {
          "line": 30,
          "column": 4
        }
      },
      "15": {
        "start": {
          "line": 33,
          "column": 25
        },
        "end": {
          "line": 35,
          "column": 1
        }
      },
      "16": {
        "start": {
          "line": 34,
          "column": 2
        },
        "end": {
          "line": 34,
          "column": 55
        }
      },
      "17": {
        "start": {
          "line": 37,
          "column": 25
        },
        "end": {
          "line": 39,
          "column": 1
        }
      },
      "18": {
        "start": {
          "line": 38,
          "column": 2
        },
        "end": {
          "line": 38,
          "column": 47
        }
      },
      "19": {
        "start": {
          "line": 41,
          "column": 28
        },
        "end": {
          "line": 44,
          "column": 1
        }
      },
      "20": {
        "start": {
          "line": 42,
          "column": 22
        },
        "end": {
          "line": 42,
          "column": 71
        }
      },
      "21": {
        "start": {
          "line": 43,
          "column": 2
        },
        "end": {
          "line": 43,
          "column": 32
        }
      }
    },
    "fnMap": {
      "0": {
        "name": "(anonymous_0)",
        "decl": {
          "start": {
            "line": 1,
            "column": 33
          },
          "end": {
            "line": 1,
            "column": 34
          }
        },
        "loc": {
          "start": {
            "line": 1,
            "column": 57
          },
          "end": {
            "line": 5,
            "column": 1
          }
        },
        "line": 1
      },
      "1": {
        "name": "(anonymous_1)",
        "decl": {
          "start": {
            "line": 7,
            "column": 36
          },
          "end": {
            "line": 7,
            "column": 37
          }
        },
        "loc": {
          "start": {
            "line": 12,
            "column": 6
          },
          "end": {
            "line": 31,
            "column": 1
          }
        },
        "line": 12
      },
      "2": {
        "name": "(anonymous_2)",
        "decl": {
          "start": {
            "line": 33,
            "column": 25
          },
          "end": {
            "line": 33,
            "column": 26
          }
        },
        "loc": {
          "start": {
            "line": 33,
            "column": 39
          },
          "end": {
            "line": 35,
            "column": 1
          }
        },
        "line": 33
      },
      "3": {
        "name": "(anonymous_3)",
        "decl": {
          "start": {
            "line": 37,
            "column": 25
          },
          "end": {
            "line": 37,
            "column": 26
          }
        },
        "loc": {
          "start": {
            "line": 37,
            "column": 35
          },
          "end": {
            "line": 39,
            "column": 1
          }
        },
        "line": 37
      },
      "4": {
        "name": "(anonymous_4)",
        "decl": {
          "start": {
            "line": 41,
            "column": 28
          },
          "end": {
            "line": 41,
            "column": 29
          }
        },
        "loc": {
          "start": {
            "line": 41,
            "column": 38
          },
          "end": {
            "line": 44,
            "column": 1
          }
        },
        "line": 41
      }
    },
    "branchMap": {
      "0": {
        "loc": {
          "start": {
            "line": 4,
            "column": 9
          },
          "end": {
            "line": 4,
            "column": 35
          }
        },
        "type": "binary-expr",
        "locations": [
          {
            "start": {
              "line": 4,
              "column": 9
            },
            "end": {
              "line": 4,
              "column": 20
            }
          },
          {
            "start": {
              "line": 4,
              "column": 24
            },
            "end": {
              "line": 4,
              "column": 35
            }
          }
        ],
        "line": 4
      },
      "1": {
        "loc": {
          "start": {
            "line": 21,
            "column": 2
          },
          "end": {
            "line": 25,
            "column": 3
          }
        },
        "type": "if",
        "locations": [
          {
            "start": {
              "line": 21,
              "column": 2
            },
            "end": {
              "line": 25,
              "column": 3
            }
          },
          {
            "start": {
              "line": 21,
              "column": 2
            },
            "end": {
              "line": 25,
              "column": 3
            }
          }
        ],
        "line": 21
      },
      "2": {
        "loc": {
          "start": {
            "line": 23,
            "column": 9
          },
          "end": {
            "line": 25,
            "column": 3
          }
        },
        "type": "if",
        "locations": [
          {
            "start": {
              "line": 23,
              "column": 9
            },
            "end": {
              "line": 25,
              "column": 3
            }
          },
          {
            "start": {
              "line": 23,
              "column": 9
            },
            "end": {
              "line": 25,
              "column": 3
            }
          }
        ],
        "line": 23
      },
      "3": {
        "loc": {
          "start": {
            "line": 29,
            "column": 11
          },
          "end": {
            "line": 29,
            "column": 74
          }
        },
        "type": "binary-expr",
        "locations": [
          {
            "start": {
              "line": 29,
              "column": 11
            },
            "end": {
              "line": 29,
              "column": 22
            }
          },
          {
            "start": {
              "line": 29,
              "column": 26
            },
            "end": {
              "line": 29,
              "column": 37
            }
          },
          {
            "start": {
              "line": 29,
              "column": 41
            },
            "end": {
              "line": 29,
              "column": 56
            }
          },
          {
            "start": {
              "line": 29,
              "column": 60
            },
            "end": {
              "line": 29,
              "column": 74
            }
          }
        ],
        "line": 29
      },
      "4": {
        "loc": {
          "start": {
            "line": 34,
            "column": 9
          },
          "end": {
            "line": 34,
            "column": 54
          }
        },
        "type": "binary-expr",
        "locations": [
          {
            "start": {
              "line": 34,
              "column": 9
            },
            "end": {
              "line": 34,
              "column": 29
            }
          },
          {
            "start": {
              "line": 34,
              "column": 33
            },
            "end": {
              "line": 34,
              "column": 54
            }
          }
        ],
        "line": 34
      },
      "5": {
        "loc": {
          "start": {
            "line": 38,
            "column": 9
          },
          "end": {
            "line": 38,
            "column": 46
          }
        },
        "type": "binary-expr",
        "locations": [
          {
            "start": {
              "line": 38,
              "column": 9
            },
            "end": {
              "line": 38,
              "column": 25
            }
          },
          {
            "start": {
              "line": 38,
              "column": 29
            },
            "end": {
              "line": 38,
              "column": 46
            }
          }
        ],
        "line": 38
      }
    },
    "s": {
      "0": 1,
      "1": 46,
      "2": 46,
      "3": 46,
      "4": 1,
      "5": 65,
      "6": 65,
      "7": 65,
      "8": 65,
      "9": 65,
      "10": 65,
      "11": 32,
      "12": 33,
      "13": 23,
      "14": 65,
      "15": 1,
      "16": 65,
      "17": 1,
      "18": 111,
      "19": 1,
      "20": 111,
      "21": 111
    },
    "f": {
      "0": 46,
      "1": 65,
      "2": 65,
      "3": 111,
      "4": 111
    },
    "b": {
      "0": [
        46,
        14
      ],
      "1": [
        32,
        33
      ],
      "2": [
        23,
        10
      ],
      "3": [
        65,
        33,
        19,
        19
      ],
      "4": [
        65,
        29
      ],
      "5": [
        111,
        26
      ]
    },
    "_coverageSchema": "1a1c01bbd47fc00a2c39e90264f33305004495a9",
    "hash": "c3594e61dc507595d8f5f71644701a74c84f8d1a"
  },
  "/Users/raghammer/Desktop/COMP6080/ass4/presto/frontend/src/components/AuthBox.js": {
    "path": "/Users/raghammer/Desktop/COMP6080/ass4/presto/frontend/src/components/AuthBox.js",
    "statementMap": {
      "0": {
        "start": {
          "line": 5,
          "column": 19
        },
        "end": {
          "line": 12,
          "column": 2
        }
      },
      "1": {
        "start": {
          "line": 14,
          "column": 16
        },
        "end": {
          "line": 34,
          "column": 1
        }
      },
      "2": {
        "start": {
          "line": 15,
          "column": 2
        },
        "end": {
          "line": 33,
          "column": 4
        }
      }
    },
    "fnMap": {
      "0": {
        "name": "(anonymous_0)",
        "decl": {
          "start": {
            "line": 14,
            "column": 16
          },
          "end": {
            "line": 14,
            "column": 17
          }
        },
        "loc": {
          "start": {
            "line": 14,
            "column": 27
          },
          "end": {
            "line": 34,
            "column": 1
          }
        },
        "line": 14
      }
    },
    "branchMap": {},
    "s": {
      "0": 1,
      "1": 1,
      "2": 352
    },
    "f": {
      "0": 352
    },
    "b": {},
    "_coverageSchema": "1a1c01bbd47fc00a2c39e90264f33305004495a9",
    "hash": "7bc70b44f4bf6f9523e6d66681937392ef4ffb4b"
  },
  "/Users/raghammer/Desktop/COMP6080/ass4/presto/frontend/src/services/client.js": {
    "path": "/Users/raghammer/Desktop/COMP6080/ass4/presto/frontend/src/services/client.js",
    "statementMap": {
      "0": {
        "start": {
          "line": 3,
          "column": 18
        },
        "end": {
          "line": 6,
          "column": 2
        }
      },
      "1": {
        "start": {
          "line": 8,
          "column": 0
        },
        "end": {
          "line": 23,
          "column": 2
        }
      },
      "2": {
        "start": {
          "line": 10,
          "column": 18
        },
        "end": {
          "line": 10,
          "column": 47
        }
      },
      "3": {
        "start": {
          "line": 11,
          "column": 4
        },
        "end": {
          "line": 17,
          "column": 5
        }
      },
      "4": {
        "start": {
          "line": 12,
          "column": 6
        },
        "end": {
          "line": 16,
          "column": 7
        }
      },
      "5": {
        "start": {
          "line": 13,
          "column": 8
        },
        "end": {
          "line": 13,
          "column": 57
        }
      },
      "6": {
        "start": {
          "line": 15,
          "column": 8
        },
        "end": {
          "line": 15,
          "column": 25
        }
      },
      "7": {
        "start": {
          "line": 18,
          "column": 4
        },
        "end": {
          "line": 18,
          "column": 18
        }
      },
      "8": {
        "start": {
          "line": 21,
          "column": 4
        },
        "end": {
          "line": 21,
          "column": 31
        }
      }
    },
    "fnMap": {
      "0": {
        "name": "(anonymous_0)",
        "decl": {
          "start": {
            "line": 9,
            "column": 2
          },
          "end": {
            "line": 9,
            "column": 3
          }
        },
        "loc": {
          "start": {
            "line": 9,
            "column": 14
          },
          "end": {
            "line": 19,
            "column": 3
          }
        },
        "line": 9
      },
      "1": {
        "name": "(anonymous_1)",
        "decl": {
          "start": {
            "line": 20,
            "column": 2
          },
          "end": {
            "line": 20,
            "column": 3
          }
        },
        "loc": {
          "start": {
            "line": 20,
            "column": 11
          },
          "end": {
            "line": 22,
            "column": 3
          }
        },
        "line": 20
      }
    },
    "branchMap": {
      "0": {
        "loc": {
          "start": {
            "line": 11,
            "column": 4
          },
          "end": {
            "line": 17,
            "column": 5
          }
        },
        "type": "if",
        "locations": [
          {
            "start": {
              "line": 11,
              "column": 4
            },
            "end": {
              "line": 17,
              "column": 5
            }
          },
          {
            "start": {
              "line": 11,
              "column": 4
            },
            "end": {
              "line": 17,
              "column": 5
            }
          }
        ],
        "line": 11
      }
    },
    "s": {
      "0": 1,
      "1": 1,
      "2": 58,
      "3": 58,
      "4": 56,
      "5": 56,
      "6": 0,
      "7": 58,
      "8": 0
    },
    "f": {
      "0": 58,
      "1": 0
    },
    "b": {
      "0": [
        56,
        2
      ]
    },
    "_coverageSchema": "1a1c01bbd47fc00a2c39e90264f33305004495a9",
    "hash": "bd10e54d516874c49b7c6c20963598c20b668316"
  },
  "/Users/raghammer/Desktop/COMP6080/ass4/presto/frontend/src/services/api.js": {
    "path": "/Users/raghammer/Desktop/COMP6080/ass4/presto/frontend/src/services/api.js",
    "statementMap": {
      "0": {
        "start": {
          "line": 3,
          "column": 21
        },
        "end": {
          "line": 5,
          "column": 1
        }
      },
      "1": {
        "start": {
          "line": 4,
          "column": 2
        },
        "end": {
          "line": 4,
          "column": 57
        }
      },
      "2": {
        "start": {
          "line": 7,
          "column": 24
        },
        "end": {
          "line": 13,
          "column": 1
        }
      },
      "3": {
        "start": {
          "line": 8,
          "column": 2
        },
        "end": {
          "line": 12,
          "column": 3
        }
      },
      "4": {
        "start": {
          "line": 9,
          "column": 4
        },
        "end": {
          "line": 9,
          "column": 62
        }
      },
      "5": {
        "start": {
          "line": 11,
          "column": 4
        },
        "end": {
          "line": 11,
          "column": 30
        }
      },
      "6": {
        "start": {
          "line": 15,
          "column": 24
        },
        "end": {
          "line": 32,
          "column": 1
        }
      },
      "7": {
        "start": {
          "line": 16,
          "column": 2
        },
        "end": {
          "line": 31,
          "column": 3
        }
      },
      "8": {
        "start": {
          "line": 17,
          "column": 18
        },
        "end": {
          "line": 17,
          "column": 47
        }
      },
      "9": {
        "start": {
          "line": 19,
          "column": 4
        },
        "end": {
          "line": 21,
          "column": 5
        }
      },
      "10": {
        "start": {
          "line": 20,
          "column": 6
        },
        "end": {
          "line": 20,
          "column": 40
        }
      },
      "11": {
        "start": {
          "line": 23,
          "column": 21
        },
        "end": {
          "line": 27,
          "column": 6
        }
      },
      "12": {
        "start": {
          "line": 28,
          "column": 4
        },
        "end": {
          "line": 28,
          "column": 60
        }
      },
      "13": {
        "start": {
          "line": 28,
          "column": 33
        },
        "end": {
          "line": 28,
          "column": 60
        }
      },
      "14": {
        "start": {
          "line": 30,
          "column": 4
        },
        "end": {
          "line": 30,
          "column": 47
        }
      },
      "15": {
        "start": {
          "line": 34,
          "column": 24
        },
        "end": {
          "line": 54,
          "column": 1
        }
      },
      "16": {
        "start": {
          "line": 35,
          "column": 2
        },
        "end": {
          "line": 53,
          "column": 3
        }
      },
      "17": {
        "start": {
          "line": 36,
          "column": 18
        },
        "end": {
          "line": 36,
          "column": 47
        }
      },
      "18": {
        "start": {
          "line": 37,
          "column": 4
        },
        "end": {
          "line": 37,
          "column": 30
        }
      },
      "19": {
        "start": {
          "line": 40,
          "column": 4
        },
        "end": {
          "line": 42,
          "column": 5
        }
      },
      "20": {
        "start": {
          "line": 41,
          "column": 6
        },
        "end": {
          "line": 41,
          "column": 40
        }
      },
      "21": {
        "start": {
          "line": 44,
          "column": 21
        },
        "end": {
          "line": 48,
          "column": 6
        }
      },
      "22": {
        "start": {
          "line": 50,
          "column": 4
        },
        "end": {
          "line": 50,
          "column": 20
        }
      },
      "23": {
        "start": {
          "line": 52,
          "column": 4
        },
        "end": {
          "line": 52,
          "column": 47
        }
      }
    },
    "fnMap": {
      "0": {
        "name": "(anonymous_0)",
        "decl": {
          "start": {
            "line": 3,
            "column": 21
          },
          "end": {
            "line": 3,
            "column": 22
          }
        },
        "loc": {
          "start": {
            "line": 3,
            "column": 37
          },
          "end": {
            "line": 5,
            "column": 1
          }
        },
        "line": 3
      },
      "1": {
        "name": "(anonymous_1)",
        "decl": {
          "start": {
            "line": 7,
            "column": 24
          },
          "end": {
            "line": 7,
            "column": 25
          }
        },
        "loc": {
          "start": {
            "line": 7,
            "column": 40
          },
          "end": {
            "line": 13,
            "column": 1
          }
        },
        "line": 7
      },
      "2": {
        "name": "(anonymous_2)",
        "decl": {
          "start": {
            "line": 15,
            "column": 24
          },
          "end": {
            "line": 15,
            "column": 25
          }
        },
        "loc": {
          "start": {
            "line": 15,
            "column": 36
          },
          "end": {
            "line": 32,
            "column": 1
          }
        },
        "line": 15
      },
      "3": {
        "name": "(anonymous_3)",
        "decl": {
          "start": {
            "line": 34,
            "column": 24
          },
          "end": {
            "line": 34,
            "column": 25
          }
        },
        "loc": {
          "start": {
            "line": 34,
            "column": 40
          },
          "end": {
            "line": 54,
            "column": 1
          }
        },
        "line": 34
      }
    },
    "branchMap": {
      "0": {
        "loc": {
          "start": {
            "line": 19,
            "column": 4
          },
          "end": {
            "line": 21,
            "column": 5
          }
        },
        "type": "if",
        "locations": [
          {
            "start": {
              "line": 19,
              "column": 4
            },
            "end": {
              "line": 21,
              "column": 5
            }
          },
          {
            "start": {
              "line": 19,
              "column": 4
            },
            "end": {
              "line": 21,
              "column": 5
            }
          }
        ],
        "line": 19
      },
      "1": {
        "loc": {
          "start": {
            "line": 28,
            "column": 4
          },
          "end": {
            "line": 28,
            "column": 60
          }
        },
        "type": "if",
        "locations": [
          {
            "start": {
              "line": 28,
              "column": 4
            },
            "end": {
              "line": 28,
              "column": 60
            }
          },
          {
            "start": {
              "line": 28,
              "column": 4
            },
            "end": {
              "line": 28,
              "column": 60
            }
          }
        ],
        "line": 28
      },
      "2": {
        "loc": {
          "start": {
            "line": 40,
            "column": 4
          },
          "end": {
            "line": 42,
            "column": 5
          }
        },
        "type": "if",
        "locations": [
          {
            "start": {
              "line": 40,
              "column": 4
            },
            "end": {
              "line": 42,
              "column": 5
            }
          },
          {
            "start": {
              "line": 40,
              "column": 4
            },
            "end": {
              "line": 42,
              "column": 5
            }
          }
        ],
        "line": 40
      }
    },
    "s": {
      "0": 1,
      "1": 1,
      "2": 1,
      "3": 1,
      "4": 1,
      "5": 0,
      "6": 1,
      "7": 26,
      "8": 26,
      "9": 26,
      "10": 0,
      "11": 26,
      "12": 26,
      "13": 26,
      "14": 0,
      "15": 1,
      "16": 31,
      "17": 31,
      "18": 31,
      "19": 31,
      "20": 1,
      "21": 30,
      "22": 30,
      "23": 1
    },
    "f": {
      "0": 1,
      "1": 1,
      "2": 26,
      "3": 31
    },
    "b": {
      "0": [
        0,
        26
      ],
      "1": [
        26,
        0
      ],
      "2": [
        1,
        30
      ]
    },
    "_coverageSchema": "1a1c01bbd47fc00a2c39e90264f33305004495a9",
    "hash": "7cc758e6dcc80b0202b970224745add665d13fdf"
  },
  "/Users/raghammer/Desktop/COMP6080/ass4/presto/frontend/src/zustandStore/useCurrentUserStore.js": {
    "path": "/Users/raghammer/Desktop/COMP6080/ass4/presto/frontend/src/zustandStore/useCurrentUserStore.js",
    "statementMap": {
      "0": {
        "start": {
          "line": 10,
          "column": 28
        },
        "end": {
          "line": 18,
          "column": 3
        }
      },
      "1": {
        "start": {
          "line": 10,
          "column": 45
        },
        "end": {
          "line": 18,
          "column": 1
        }
      },
      "2": {
        "start": {
          "line": 12,
          "column": 35
        },
        "end": {
          "line": 12,
          "column": 68
        }
      },
      "3": {
        "start": {
          "line": 13,
          "column": 26
        },
        "end": {
          "line": 13,
          "column": 71
        }
      },
      "4": {
        "start": {
          "line": 15,
          "column": 4
        },
        "end": {
          "line": 17,
          "column": 7
        }
      },
      "5": {
        "start": {
          "line": 15,
          "column": 20
        },
        "end": {
          "line": 17,
          "column": 5
        }
      }
    },
    "fnMap": {
      "0": {
        "name": "(anonymous_0)",
        "decl": {
          "start": {
            "line": 10,
            "column": 35
          },
          "end": {
            "line": 10,
            "column": 36
          }
        },
        "loc": {
          "start": {
            "line": 10,
            "column": 45
          },
          "end": {
            "line": 18,
            "column": 1
          }
        },
        "line": 10
      },
      "1": {
        "name": "(anonymous_1)",
        "decl": {
          "start": {
            "line": 12,
            "column": 18
          },
          "end": {
            "line": 12,
            "column": 19
          }
        },
        "loc": {
          "start": {
            "line": 12,
            "column": 35
          },
          "end": {
            "line": 12,
            "column": 68
          }
        },
        "line": 12
      },
      "2": {
        "name": "(anonymous_2)",
        "decl": {
          "start": {
            "line": 13,
            "column": 20
          },
          "end": {
            "line": 13,
            "column": 21
          }
        },
        "loc": {
          "start": {
            "line": 13,
            "column": 26
          },
          "end": {
            "line": 13,
            "column": 71
          }
        },
        "line": 13
      },
      "3": {
        "name": "(anonymous_3)",
        "decl": {
          "start": {
            "line": 14,
            "column": 25
          },
          "end": {
            "line": 14,
            "column": 26
          }
        },
        "loc": {
          "start": {
            "line": 15,
            "column": 4
          },
          "end": {
            "line": 17,
            "column": 7
          }
        },
        "line": 15
      },
      "4": {
        "name": "(anonymous_4)",
        "decl": {
          "start": {
            "line": 15,
            "column": 8
          },
          "end": {
            "line": 15,
            "column": 9
          }
        },
        "loc": {
          "start": {
            "line": 15,
            "column": 20
          },
          "end": {
            "line": 17,
            "column": 5
          }
        },
        "line": 15
      }
    },
    "branchMap": {},
    "s": {
      "0": 1,
      "1": 1,
      "2": 2,
      "3": 1,
      "4": 0,
      "5": 0
    },
    "f": {
      "0": 1,
      "1": 2,
      "2": 1,
      "3": 0,
      "4": 0
    },
    "b": {},
    "_coverageSchema": "1a1c01bbd47fc00a2c39e90264f33305004495a9",
    "hash": "4c19352717c4d313185848ad96ee28b514ca436d"
  },
  "/Users/raghammer/Desktop/COMP6080/ass4/presto/frontend/src/components/AlertError.js": {
    "path": "/Users/raghammer/Desktop/COMP6080/ass4/presto/frontend/src/components/AlertError.js",
    "statementMap": {
      "0": {
        "start": {
          "line": 88,
          "column": 21
        },
        "end": {
          "line": 88,
          "column": 36
        }
      },
      "1": {
        "start": {
          "line": 91,
          "column": 30
        },
        "end": {
          "line": 93,
          "column": 3
        }
      },
      "2": {
        "start": {
          "line": 91,
          "column": 79
        },
        "end": {
          "line": 93,
          "column": 1
        }
      },
      "3": {
        "start": {
          "line": 95,
          "column": 24
        },
        "end": {
          "line": 95,
          "column": 54
        }
      },
      "4": {
        "start": {
          "line": 95,
          "column": 30
        },
        "end": {
          "line": 95,
          "column": 54
        }
      },
      "5": {
        "start": {
          "line": 97,
          "column": 29
        },
        "end": {
          "line": 151,
          "column": 1
        }
      },
      "6": {
        "start": {
          "line": 98,
          "column": 38
        },
        "end": {
          "line": 102,
          "column": 4
        }
      },
      "7": {
        "start": {
          "line": 104,
          "column": 20
        },
        "end": {
          "line": 110,
          "column": 3
        }
      },
      "8": {
        "start": {
          "line": 105,
          "column": 4
        },
        "end": {
          "line": 109,
          "column": 7
        }
      },
      "9": {
        "start": {
          "line": 112,
          "column": 22
        },
        "end": {
          "line": 120,
          "column": 3
        }
      },
      "10": {
        "start": {
          "line": 113,
          "column": 4
        },
        "end": {
          "line": 115,
          "column": 5
        }
      },
      "11": {
        "start": {
          "line": 114,
          "column": 6
        },
        "end": {
          "line": 114,
          "column": 13
        }
      },
      "12": {
        "start": {
          "line": 116,
          "column": 4
        },
        "end": {
          "line": 119,
          "column": 8
        }
      },
      "13": {
        "start": {
          "line": 116,
          "column": 34
        },
        "end": {
          "line": 119,
          "column": 5
        }
      },
      "14": {
        "start": {
          "line": 122,
          "column": 2
        },
        "end": {
          "line": 150,
          "column": 4
        }
      }
    },
    "fnMap": {
      "0": {
        "name": "(anonymous_0)",
        "decl": {
          "start": {
            "line": 91,
            "column": 54
          },
          "end": {
            "line": 91,
            "column": 55
          }
        },
        "loc": {
          "start": {
            "line": 91,
            "column": 79
          },
          "end": {
            "line": 93,
            "column": 1
          }
        },
        "line": 91
      },
      "1": {
        "name": "(anonymous_1)",
        "decl": {
          "start": {
            "line": 95,
            "column": 24
          },
          "end": {
            "line": 95,
            "column": 25
          }
        },
        "loc": {
          "start": {
            "line": 95,
            "column": 30
          },
          "end": {
            "line": 95,
            "column": 54
          }
        },
        "line": 95
      },
      "2": {
        "name": "(anonymous_2)",
        "decl": {
          "start": {
            "line": 97,
            "column": 29
          },
          "end": {
            "line": 97,
            "column": 30
          }
        },
        "loc": {
          "start": {
            "line": 97,
            "column": 47
          },
          "end": {
            "line": 151,
            "column": 1
          }
        },
        "line": 97
      },
      "3": {
        "name": "(anonymous_3)",
        "decl": {
          "start": {
            "line": 104,
            "column": 20
          },
          "end": {
            "line": 104,
            "column": 21
          }
        },
        "loc": {
          "start": {
            "line": 104,
            "column": 54
          },
          "end": {
            "line": 110,
            "column": 3
          }
        },
        "line": 104
      },
      "4": {
        "name": "(anonymous_4)",
        "decl": {
          "start": {
            "line": 112,
            "column": 22
          },
          "end": {
            "line": 112,
            "column": 23
          }
        },
        "loc": {
          "start": {
            "line": 112,
            "column": 41
          },
          "end": {
            "line": 120,
            "column": 3
          }
        },
        "line": 112
      },
      "5": {
        "name": "(anonymous_5)",
        "decl": {
          "start": {
            "line": 116,
            "column": 18
          },
          "end": {
            "line": 116,
            "column": 19
          }
        },
        "loc": {
          "start": {
            "line": 116,
            "column": 34
          },
          "end": {
            "line": 119,
            "column": 5
          }
        },
        "line": 116
      }
    },
    "branchMap": {
      "0": {
        "loc": {
          "start": {
            "line": 92,
            "column": 19
          },
          "end": {
            "line": 92,
            "column": 56
          }
        },
        "type": "binary-expr",
        "locations": [
          {
            "start": {
              "line": 92,
              "column": 19
            },
            "end": {
              "line": 92,
              "column": 26
            }
          },
          {
            "start": {
              "line": 92,
              "column": 30
            },
            "end": {
              "line": 92,
              "column": 56
            }
          }
        ],
        "line": 92
      },
      "1": {
        "loc": {
          "start": {
            "line": 104,
            "column": 30
          },
          "end": {
            "line": 104,
            "column": 49
          }
        },
        "type": "default-arg",
        "locations": [
          {
            "start": {
              "line": 104,
              "column": 40
            },
            "end": {
              "line": 104,
              "column": 49
            }
          }
        ],
        "line": 104
      },
      "2": {
        "loc": {
          "start": {
            "line": 113,
            "column": 4
          },
          "end": {
            "line": 115,
            "column": 5
          }
        },
        "type": "if",
        "locations": [
          {
            "start": {
              "line": 113,
              "column": 4
            },
            "end": {
              "line": 115,
              "column": 5
            }
          },
          {
            "start": {
              "line": 113,
              "column": 4
            },
            "end": {
              "line": 115,
              "column": 5
            }
          }
        ],
        "line": 113
      }
    },
    "s": {
      "0": 1,
      "1": 1,
      "2": 34,
      "3": 1,
      "4": 908,
      "5": 1,
      "6": 16,
      "7": 16,
      "8": 5,
      "9": 16,
      "10": 53,
      "11": 51,
      "12": 2,
      "13": 2,
      "14": 16
    },
    "f": {
      "0": 34,
      "1": 908,
      "2": 16,
      "3": 5,
      "4": 53,
      "5": 2
    },
    "b": {
      "0": [
        34,
        0
      ],
      "1": [
        0
      ],
      "2": [
        51,
        2
      ]
    },
    "_coverageSchema": "1a1c01bbd47fc00a2c39e90264f33305004495a9",
    "hash": "2da2432bfa4b221f4e26e0f43474aa5f8df32aa4"
  },
  "/Users/raghammer/Desktop/COMP6080/ass4/presto/frontend/src/authPages/loginPage/Login.js": {
    "path": "/Users/raghammer/Desktop/COMP6080/ass4/presto/frontend/src/authPages/loginPage/Login.js",
    "statementMap": {
      "0": {
        "start": {
          "line": 12,
          "column": 14
        },
        "end": {
          "line": 68,
          "column": 1
        }
      },
      "1": {
        "start": {
          "line": 13,
          "column": 26
        },
        "end": {
          "line": 13,
          "column": 38
        }
      },
      "2": {
        "start": {
          "line": 14,
          "column": 34
        },
        "end": {
          "line": 14,
          "column": 46
        }
      },
      "3": {
        "start": {
          "line": 15,
          "column": 40
        },
        "end": {
          "line": 15,
          "column": 55
        }
      },
      "4": {
        "start": {
          "line": 16,
          "column": 24
        },
        "end": {
          "line": 16,
          "column": 34
        }
      },
      "5": {
        "start": {
          "line": 18,
          "column": 29
        },
        "end": {
          "line": 18,
          "column": 50
        }
      },
      "6": {
        "start": {
          "line": 20,
          "column": 14
        },
        "end": {
          "line": 20,
          "column": 27
        }
      },
      "7": {
        "start": {
          "line": 22,
          "column": 2
        },
        "end": {
          "line": 24,
          "column": 39
        }
      },
      "8": {
        "start": {
          "line": 23,
          "column": 4
        },
        "end": {
          "line": 23,
          "column": 58
        }
      },
      "9": {
        "start": {
          "line": 26,
          "column": 30
        },
        "end": {
          "line": 48,
          "column": 22
        }
      },
      "10": {
        "start": {
          "line": 27,
          "column": 4
        },
        "end": {
          "line": 47,
          "column": 5
        }
      },
      "11": {
        "start": {
          "line": 28,
          "column": 23
        },
        "end": {
          "line": 28,
          "column": 61
        }
      },
      "12": {
        "start": {
          "line": 29,
          "column": 20
        },
        "end": {
          "line": 29,
          "column": 39
        }
      },
      "13": {
        "start": {
          "line": 30,
          "column": 6
        },
        "end": {
          "line": 30,
          "column": 43
        }
      },
      "14": {
        "start": {
          "line": 32,
          "column": 6
        },
        "end": {
          "line": 32,
          "column": 48
        }
      },
      "15": {
        "start": {
          "line": 33,
          "column": 6
        },
        "end": {
          "line": 33,
          "column": 41
        }
      },
      "16": {
        "start": {
          "line": 35,
          "column": 6
        },
        "end": {
          "line": 35,
          "column": 24
        }
      },
      "17": {
        "start": {
          "line": 37,
          "column": 6
        },
        "end": {
          "line": 46,
          "column": 7
        }
      },
      "18": {
        "start": {
          "line": 38,
          "column": 8
        },
        "end": {
          "line": 38,
          "column": 56
        }
      },
      "19": {
        "start": {
          "line": 40,
          "column": 10
        },
        "end": {
          "line": 40,
          "column": 69
        }
      },
      "20": {
        "start": {
          "line": 41,
          "column": 8
        },
        "end": {
          "line": 41,
          "column": 42
        }
      },
      "21": {
        "start": {
          "line": 42,
          "column": 13
        },
        "end": {
          "line": 46,
          "column": 7
        }
      },
      "22": {
        "start": {
          "line": 43,
          "column": 8
        },
        "end": {
          "line": 43,
          "column": 53
        }
      },
      "23": {
        "start": {
          "line": 45,
          "column": 8
        },
        "end": {
          "line": 45,
          "column": 44
        }
      },
      "24": {
        "start": {
          "line": 50,
          "column": 2
        },
        "end": {
          "line": 67,
          "column": 4
        }
      }
    },
    "fnMap": {
      "0": {
        "name": "(anonymous_0)",
        "decl": {
          "start": {
            "line": 12,
            "column": 14
          },
          "end": {
            "line": 12,
            "column": 15
          }
        },
        "loc": {
          "start": {
            "line": 12,
            "column": 20
          },
          "end": {
            "line": 68,
            "column": 1
          }
        },
        "line": 12
      },
      "1": {
        "name": "(anonymous_1)",
        "decl": {
          "start": {
            "line": 22,
            "column": 12
          },
          "end": {
            "line": 22,
            "column": 13
          }
        },
        "loc": {
          "start": {
            "line": 22,
            "column": 18
          },
          "end": {
            "line": 24,
            "column": 3
          }
        },
        "line": 22
      },
      "2": {
        "name": "(anonymous_2)",
        "decl": {
          "start": {
            "line": 26,
            "column": 42
          },
          "end": {
            "line": 26,
            "column": 43
          }
        },
        "loc": {
          "start": {
            "line": 26,
            "column": 54
          },
          "end": {
            "line": 48,
            "column": 3
          }
        },
        "line": 26
      }
    },
    "branchMap": {
      "0": {
        "loc": {
          "start": {
            "line": 37,
            "column": 6
          },
          "end": {
            "line": 46,
            "column": 7
          }
        },
        "type": "if",
        "locations": [
          {
            "start": {
              "line": 37,
              "column": 6
            },
            "end": {
              "line": 46,
              "column": 7
            }
          },
          {
            "start": {
              "line": 37,
              "column": 6
            },
            "end": {
              "line": 46,
              "column": 7
            }
          }
        ],
        "line": 37
      },
      "1": {
        "loc": {
          "start": {
            "line": 40,
            "column": 10
          },
          "end": {
            "line": 40,
            "column": 69
          }
        },
        "type": "binary-expr",
        "locations": [
          {
            "start": {
              "line": 40,
              "column": 10
            },
            "end": {
              "line": 40,
              "column": 35
            }
          },
          {
            "start": {
              "line": 40,
              "column": 39
            },
            "end": {
              "line": 40,
              "column": 69
            }
          }
        ],
        "line": 40
      },
      "2": {
        "loc": {
          "start": {
            "line": 42,
            "column": 13
          },
          "end": {
            "line": 46,
            "column": 7
          }
        },
        "type": "if",
        "locations": [
          {
            "start": {
              "line": 42,
              "column": 13
            },
            "end": {
              "line": 46,
              "column": 7
            }
          },
          {
            "start": {
              "line": 42,
              "column": 13
            },
            "end": {
              "line": 46,
              "column": 7
            }
          }
        ],
        "line": 42
      }
    },
    "s": {
      "0": 1,
      "1": 180,
      "2": 180,
      "3": 180,
      "4": 180,
      "5": 180,
      "6": 180,
      "7": 180,
      "8": 46,
      "9": 180,
      "10": 1,
      "11": 1,
      "12": 1,
      "13": 1,
      "14": 1,
      "15": 1,
      "16": 1,
      "17": 0,
      "18": 0,
      "19": 0,
      "20": 0,
      "21": 0,
      "22": 0,
      "23": 0,
      "24": 180
    },
    "f": {
      "0": 180,
      "1": 46,
      "2": 1
    },
    "b": {
      "0": [
        0,
        0
      ],
      "1": [
        0,
        0
      ],
      "2": [
        0,
        0
      ]
    },
    "_coverageSchema": "1a1c01bbd47fc00a2c39e90264f33305004495a9",
    "hash": "e5f754564dcfb595310dd03bd2668a979f418dad"
  },
  "/Users/raghammer/Desktop/COMP6080/ass4/presto/frontend/src/authPages/registerPage/RegisterPageInputs.js": {
    "path": "/Users/raghammer/Desktop/COMP6080/ass4/presto/frontend/src/authPages/registerPage/RegisterPageInputs.js",
    "statementMap": {
      "0": {
        "start": {
          "line": 4,
          "column": 27
        },
        "end": {
          "line": 51,
          "column": 1
        }
      },
      "1": {
        "start": {
          "line": 14,
          "column": 6
        },
        "end": {
          "line": 14,
          "column": 11
        }
      },
      "2": {
        "start": {
          "line": 15,
          "column": 2
        },
        "end": {
          "line": 50,
          "column": 4
        }
      }
    },
    "fnMap": {
      "0": {
        "name": "(anonymous_0)",
        "decl": {
          "start": {
            "line": 4,
            "column": 27
          },
          "end": {
            "line": 4,
            "column": 28
          }
        },
        "loc": {
          "start": {
            "line": 4,
            "column": 38
          },
          "end": {
            "line": 51,
            "column": 1
          }
        },
        "line": 4
      }
    },
    "branchMap": {},
    "s": {
      "0": 1,
      "1": 258,
      "2": 258
    },
    "f": {
      "0": 258
    },
    "b": {},
    "_coverageSchema": "1a1c01bbd47fc00a2c39e90264f33305004495a9",
    "hash": "63737ac6edceaf0a100e268f4c53eb2b9da58576"
  },
  "/Users/raghammer/Desktop/COMP6080/ass4/presto/frontend/src/authPages/registerPage/RegisterPageFooter.js": {
    "path": "/Users/raghammer/Desktop/COMP6080/ass4/presto/frontend/src/authPages/registerPage/RegisterPageFooter.js",
    "statementMap": {
      "0": {
        "start": {
          "line": 7,
          "column": 27
        },
        "end": {
          "line": 43,
          "column": 1
        }
      },
      "1": {
        "start": {
          "line": 8,
          "column": 14
        },
        "end": {
          "line": 8,
          "column": 27
        }
      },
      "2": {
        "start": {
          "line": 10,
          "column": 32
        },
        "end": {
          "line": 12,
          "column": 3
        }
      },
      "3": {
        "start": {
          "line": 11,
          "column": 4
        },
        "end": {
          "line": 11,
          "column": 18
        }
      },
      "4": {
        "start": {
          "line": 14,
          "column": 26
        },
        "end": {
          "line": 16,
          "column": 3
        }
      },
      "5": {
        "start": {
          "line": 15,
          "column": 4
        },
        "end": {
          "line": 15,
          "column": 31
        }
      },
      "6": {
        "start": {
          "line": 18,
          "column": 23
        },
        "end": {
          "line": 20,
          "column": 3
        }
      },
      "7": {
        "start": {
          "line": 19,
          "column": 4
        },
        "end": {
          "line": 19,
          "column": 31
        }
      },
      "8": {
        "start": {
          "line": 22,
          "column": 2
        },
        "end": {
          "line": 42,
          "column": 4
        }
      }
    },
    "fnMap": {
      "0": {
        "name": "(anonymous_0)",
        "decl": {
          "start": {
            "line": 7,
            "column": 27
          },
          "end": {
            "line": 7,
            "column": 28
          }
        },
        "loc": {
          "start": {
            "line": 7,
            "column": 64
          },
          "end": {
            "line": 43,
            "column": 1
          }
        },
        "line": 7
      },
      "1": {
        "name": "(anonymous_1)",
        "decl": {
          "start": {
            "line": 10,
            "column": 32
          },
          "end": {
            "line": 10,
            "column": 33
          }
        },
        "loc": {
          "start": {
            "line": 10,
            "column": 38
          },
          "end": {
            "line": 12,
            "column": 3
          }
        },
        "line": 10
      },
      "2": {
        "name": "(anonymous_2)",
        "decl": {
          "start": {
            "line": 14,
            "column": 26
          },
          "end": {
            "line": 14,
            "column": 27
          }
        },
        "loc": {
          "start": {
            "line": 14,
            "column": 32
          },
          "end": {
            "line": 16,
            "column": 3
          }
        },
        "line": 14
      },
      "3": {
        "name": "(anonymous_3)",
        "decl": {
          "start": {
            "line": 18,
            "column": 23
          },
          "end": {
            "line": 18,
            "column": 24
          }
        },
        "loc": {
          "start": {
            "line": 18,
            "column": 29
          },
          "end": {
            "line": 20,
            "column": 3
          }
        },
        "line": 18
      }
    },
    "branchMap": {
      "0": {
        "loc": {
          "start": {
            "line": 24,
            "column": 22
          },
          "end": {
            "line": 24,
            "column": 77
          }
        },
        "type": "cond-expr",
        "locations": [
          {
            "start": {
              "line": 24,
              "column": 43
            },
            "end": {
              "line": 24,
              "column": 60
            }
          },
          {
            "start": {
              "line": 24,
              "column": 63
            },
            "end": {
              "line": 24,
              "column": 77
            }
          }
        ],
        "line": 24
      }
    },
    "s": {
      "0": 1,
      "1": 258,
      "2": 258,
      "3": 0,
      "4": 258,
      "5": 254,
      "6": 258,
      "7": 4,
      "8": 258
    },
    "f": {
      "0": 258,
      "1": 0,
      "2": 254,
      "3": 4
    },
    "b": {
      "0": [
        254,
        4
      ]
    },
    "_coverageSchema": "1a1c01bbd47fc00a2c39e90264f33305004495a9",
    "hash": "a05bceb0c44f4eada0d1b140a0a42545357c82ac"
  },
  "/Users/raghammer/Desktop/COMP6080/ass4/presto/frontend/src/authPages/registerPage/RegisterPage.js": {
    "path": "/Users/raghammer/Desktop/COMP6080/ass4/presto/frontend/src/authPages/registerPage/RegisterPage.js",
    "statementMap": {
      "0": {
        "start": {
          "line": 12,
          "column": 21
        },
        "end": {
          "line": 94,
          "column": 1
        }
      },
      "1": {
        "start": {
          "line": 13,
          "column": 26
        },
        "end": {
          "line": 13,
          "column": 38
        }
      },
      "2": {
        "start": {
          "line": 14,
          "column": 34
        },
        "end": {
          "line": 14,
          "column": 46
        }
      },
      "3": {
        "start": {
          "line": 15,
          "column": 34
        },
        "end": {
          "line": 15,
          "column": 46
        }
      },
      "4": {
        "start": {
          "line": 16,
          "column": 44
        },
        "end": {
          "line": 16,
          "column": 56
        }
      },
      "5": {
        "start": {
          "line": 17,
          "column": 24
        },
        "end": {
          "line": 17,
          "column": 34
        }
      },
      "6": {
        "start": {
          "line": 19,
          "column": 40
        },
        "end": {
          "line": 19,
          "column": 54
        }
      },
      "7": {
        "start": {
          "line": 21,
          "column": 29
        },
        "end": {
          "line": 21,
          "column": 50
        }
      },
      "8": {
        "start": {
          "line": 23,
          "column": 14
        },
        "end": {
          "line": 23,
          "column": 27
        }
      },
      "9": {
        "start": {
          "line": 25,
          "column": 2
        },
        "end": {
          "line": 29,
          "column": 64
        }
      },
      "10": {
        "start": {
          "line": 26,
          "column": 4
        },
        "end": {
          "line": 28,
          "column": 6
        }
      },
      "11": {
        "start": {
          "line": 31,
          "column": 25
        },
        "end": {
          "line": 71,
          "column": 64
        }
      },
      "12": {
        "start": {
          "line": 32,
          "column": 4
        },
        "end": {
          "line": 70,
          "column": 5
        }
      },
      "13": {
        "start": {
          "line": 33,
          "column": 23
        },
        "end": {
          "line": 37,
          "column": 8
        }
      },
      "14": {
        "start": {
          "line": 39,
          "column": 6
        },
        "end": {
          "line": 52,
          "column": 7
        }
      },
      "15": {
        "start": {
          "line": 40,
          "column": 22
        },
        "end": {
          "line": 40,
          "column": 41
        }
      },
      "16": {
        "start": {
          "line": 41,
          "column": 8
        },
        "end": {
          "line": 41,
          "column": 45
        }
      },
      "17": {
        "start": {
          "line": 42,
          "column": 8
        },
        "end": {
          "line": 42,
          "column": 56
        }
      },
      "18": {
        "start": {
          "line": 44,
          "column": 8
        },
        "end": {
          "line": 49,
          "column": 10
        }
      },
      "19": {
        "start": {
          "line": 51,
          "column": 8
        },
        "end": {
          "line": 51,
          "column": 26
        }
      },
      "20": {
        "start": {
          "line": 54,
          "column": 6
        },
        "end": {
          "line": 69,
          "column": 7
        }
      },
      "21": {
        "start": {
          "line": 55,
          "column": 8
        },
        "end": {
          "line": 55,
          "column": 56
        }
      },
      "22": {
        "start": {
          "line": 57,
          "column": 10
        },
        "end": {
          "line": 58,
          "column": 50
        }
      },
      "23": {
        "start": {
          "line": 59,
          "column": 8
        },
        "end": {
          "line": 59,
          "column": 42
        }
      },
      "24": {
        "start": {
          "line": 60,
          "column": 13
        },
        "end": {
          "line": 69,
          "column": 7
        }
      },
      "25": {
        "start": {
          "line": 61,
          "column": 8
        },
        "end": {
          "line": 61,
          "column": 53
        }
      },
      "26": {
        "start": {
          "line": 62,
          "column": 8
        },
        "end": {
          "line": 65,
          "column": 10
        }
      },
      "27": {
        "start": {
          "line": 67,
          "column": 8
        },
        "end": {
          "line": 67,
          "column": 44
        }
      },
      "28": {
        "start": {
          "line": 68,
          "column": 8
        },
        "end": {
          "line": 68,
          "column": 79
        }
      },
      "29": {
        "start": {
          "line": 73,
          "column": 2
        },
        "end": {
          "line": 93,
          "column": 4
        }
      }
    },
    "fnMap": {
      "0": {
        "name": "(anonymous_0)",
        "decl": {
          "start": {
            "line": 12,
            "column": 21
          },
          "end": {
            "line": 12,
            "column": 22
          }
        },
        "loc": {
          "start": {
            "line": 12,
            "column": 27
          },
          "end": {
            "line": 94,
            "column": 1
          }
        },
        "line": 12
      },
      "1": {
        "name": "(anonymous_1)",
        "decl": {
          "start": {
            "line": 25,
            "column": 12
          },
          "end": {
            "line": 25,
            "column": 13
          }
        },
        "loc": {
          "start": {
            "line": 25,
            "column": 18
          },
          "end": {
            "line": 29,
            "column": 3
          }
        },
        "line": 25
      },
      "2": {
        "name": "(anonymous_2)",
        "decl": {
          "start": {
            "line": 31,
            "column": 37
          },
          "end": {
            "line": 31,
            "column": 38
          }
        },
        "loc": {
          "start": {
            "line": 31,
            "column": 49
          },
          "end": {
            "line": 71,
            "column": 3
          }
        },
        "line": 31
      }
    },
    "branchMap": {
      "0": {
        "loc": {
          "start": {
            "line": 39,
            "column": 6
          },
          "end": {
            "line": 52,
            "column": 7
          }
        },
        "type": "if",
        "locations": [
          {
            "start": {
              "line": 39,
              "column": 6
            },
            "end": {
              "line": 52,
              "column": 7
            }
          },
          {
            "start": {
              "line": 39,
              "column": 6
            },
            "end": {
              "line": 52,
              "column": 7
            }
          }
        ],
        "line": 39
      },
      "1": {
        "loc": {
          "start": {
            "line": 54,
            "column": 6
          },
          "end": {
            "line": 69,
            "column": 7
          }
        },
        "type": "if",
        "locations": [
          {
            "start": {
              "line": 54,
              "column": 6
            },
            "end": {
              "line": 69,
              "column": 7
            }
          },
          {
            "start": {
              "line": 54,
              "column": 6
            },
            "end": {
              "line": 69,
              "column": 7
            }
          }
        ],
        "line": 54
      },
      "2": {
        "loc": {
          "start": {
            "line": 57,
            "column": 10
          },
          "end": {
            "line": 58,
            "column": 50
          }
        },
        "type": "binary-expr",
        "locations": [
          {
            "start": {
              "line": 57,
              "column": 10
            },
            "end": {
              "line": 57,
              "column": 37
            }
          },
          {
            "start": {
              "line": 58,
              "column": 10
            },
            "end": {
              "line": 58,
              "column": 50
            }
          }
        ],
        "line": 57
      },
      "3": {
        "loc": {
          "start": {
            "line": 60,
            "column": 13
          },
          "end": {
            "line": 69,
            "column": 7
          }
        },
        "type": "if",
        "locations": [
          {
            "start": {
              "line": 60,
              "column": 13
            },
            "end": {
              "line": 69,
              "column": 7
            }
          },
          {
            "start": {
              "line": 60,
              "column": 13
            },
            "end": {
              "line": 69,
              "column": 7
            }
          }
        ],
        "line": 60
      }
    },
    "s": {
      "0": 1,
      "1": 258,
      "2": 258,
      "3": 258,
      "4": 258,
      "5": 258,
      "6": 258,
      "7": 258,
      "8": 258,
      "9": 258,
      "10": 65,
      "11": 258,
      "12": 1,
      "13": 1,
      "14": 1,
      "15": 1,
      "16": 1,
      "17": 1,
      "18": 1,
      "19": 1,
      "20": 0,
      "21": 0,
      "22": 0,
      "23": 0,
      "24": 0,
      "25": 0,
      "26": 0,
      "27": 0,
      "28": 0,
      "29": 258
    },
    "f": {
      "0": 258,
      "1": 65,
      "2": 1
    },
    "b": {
      "0": [
        1,
        0
      ],
      "1": [
        0,
        0
      ],
      "2": [
        0,
        0
      ],
      "3": [
        0,
        0
      ]
    },
    "_coverageSchema": "1a1c01bbd47fc00a2c39e90264f33305004495a9",
    "hash": "f2115ecacf68f01e3106c02f72d1afbefe5ed3e6"
  },
  "/Users/raghammer/Desktop/COMP6080/ass4/presto/frontend/src/zustandStore/usePresentationListStore.js": {
    "path": "/Users/raghammer/Desktop/COMP6080/ass4/presto/frontend/src/zustandStore/usePresentationListStore.js",
    "statementMap": {
      "0": {
        "start": {
          "line": 11,
          "column": 34
        },
        "end": {
          "line": 32,
          "column": 3
        }
      },
      "1": {
        "start": {
          "line": 11,
          "column": 46
        },
        "end": {
          "line": 32,
          "column": 3
        }
      },
      "2": {
        "start": {
          "line": 12,
          "column": 2
        },
        "end": {
          "line": 32,
          "column": 3
        }
      },
      "3": {
        "start": {
          "line": 14,
          "column": 27
        },
        "end": {
          "line": 14,
          "column": 32
        }
      },
      "4": {
        "start": {
          "line": 16,
          "column": 6
        },
        "end": {
          "line": 16,
          "column": 30
        }
      },
      "5": {
        "start": {
          "line": 18,
          "column": 23
        },
        "end": {
          "line": 18,
          "column": 28
        }
      },
      "6": {
        "start": {
          "line": 19,
          "column": 6
        },
        "end": {
          "line": 28,
          "column": 7
        }
      },
      "7": {
        "start": {
          "line": 20,
          "column": 8
        },
        "end": {
          "line": 20,
          "column": 70
        }
      },
      "8": {
        "start": {
          "line": 22,
          "column": 28
        },
        "end": {
          "line": 26,
          "column": 9
        }
[...]
          "column": 13
        }
      },
      "47": {
        "start": {
          "line": 129,
          "column": 14
        },
        "end": {
          "line": 135,
          "column": 16
        }
      },
      "48": {
        "start": {
          "line": 136,
          "column": 19
        },
        "end": {
          "line": 148,
          "column": 13
        }
      },
      "49": {
        "start": {
          "line": 137,
          "column": 14
        },
        "end": {
          "line": 139,
          "column": 16
        }
      },
      "50": {
        "start": {
          "line": 140,
          "column": 19
        },
        "end": {
          "line": 148,
          "column": 13
        }
      },
      "51": {
        "start": {
          "line": 141,
          "column": 14
        },
        "end": {
          "line": 143,
          "column": 16
        }
      },
      "52": {
        "start": {
          "line": 144,
          "column": 19
        },
        "end": {
          "line": 148,
          "column": 13
        }
      },
      "53": {
        "start": {
          "line": 145,
          "column": 14
        },
        "end": {
          "line": 147,
          "column": 16
        }
      },
      "54": {
        "start": {
          "line": 149,
          "column": 12
        },
        "end": {
          "line": 149,
          "column": 25
        }
      }
    },
    "fnMap": {
      "0": {
        "name": "(anonymous_0)",
        "decl": {
          "start": {
            "line": 38,
            "column": 37
          },
          "end": {
            "line": 38,
            "column": 38
          }
        },
        "loc": {
          "start": {
            "line": 38,
            "column": 64
          },
          "end": {
            "line": 46,
            "column": 1
          }
        },
        "line": 38
      },
      "1": {
        "name": "(anonymous_1)",
        "decl": {
          "start": {
            "line": 48,
            "column": 32
          },
          "end": {
            "line": 48,
            "column": 33
          }
        },
        "loc": {
          "start": {
            "line": 48,
            "column": 38
          },
          "end": {
            "line": 156,
            "column": 1
          }
        },
        "line": 48
      },
      "2": {
        "name": "(anonymous_2)",
        "decl": {
          "start": {
            "line": 49,
            "column": 12
          },
          "end": {
            "line": 49,
            "column": 13
          }
        },
        "loc": {
          "start": {
            "line": 49,
            "column": 18
          },
          "end": {
            "line": 51,
            "column": 3
          }
        },
        "line": 49
      },
      "3": {
        "name": "(anonymous_3)",
        "decl": {
          "start": {
            "line": 63,
            "column": 12
          },
          "end": {
            "line": 63,
            "column": 13
          }
        },
        "loc": {
          "start": {
            "line": 63,
            "column": 18
          },
          "end": {
            "line": 68,
            "column": 3
          }
        },
        "line": 63
      },
      "4": {
        "name": "(anonymous_4)",
        "decl": {
          "start": {
            "line": 70,
            "column": 12
          },
          "end": {
            "line": 70,
            "column": 13
          }
        },
        "loc": {
          "start": {
            "line": 70,
            "column": 18
          },
          "end": {
            "line": 72,
            "column": 3
          }
        },
        "line": 70
      },
      "5": {
        "name": "(anonymous_5)",
        "decl": {
          "start": {
            "line": 74,
            "column": 12
          },
          "end": {
            "line": 74,
            "column": 13
          }
        },
        "loc": {
          "start": {
            "line": 74,
            "column": 18
          },
          "end": {
            "line": 95,
            "column": 3
          }
        },
        "line": 74
      },
      "6": {
        "name": "(anonymous_6)",
        "decl": {
          "start": {
            "line": 75,
            "column": 26
          },
          "end": {
            "line": 75,
            "column": 27
          }
        },
        "loc": {
          "start": {
            "line": 75,
            "column": 37
          },
          "end": {
            "line": 89,
            "column": 5
          }
        },
        "line": 75
      },
      "7": {
        "name": "(anonymous_7)",
        "decl": {
          "start": {
            "line": 78,
            "column": 19
          },
          "end": {
            "line": 78,
            "column": 20
          }
        },
        "loc": {
          "start": {
            "line": 78,
            "column": 25
          },
          "end": {
            "line": 81,
            "column": 9
          }
        },
        "line": 78
      },
      "8": {
        "name": "(anonymous_8)",
        "decl": {
          "start": {
            "line": 84,
            "column": 19
          },
          "end": {
            "line": 84,
            "column": 20
          }
        },
        "loc": {
          "start": {
            "line": 84,
            "column": 25
          },
          "end": {
            "line": 87,
            "column": 9
          }
        },
        "line": 84
      },
      "9": {
        "name": "(anonymous_9)",
        "decl": {
          "start": {
            "line": 92,
            "column": 11
          },
          "end": {
            "line": 92,
            "column": 12
          }
        },
        "loc": {
          "start": {
            "line": 92,
            "column": 17
          },
          "end": {
            "line": 94,
            "column": 5
          }
        },
        "line": 92
      },
      "10": {
        "name": "(anonymous_10)",
        "decl": {
          "start": {
            "line": 97,
            "column": 12
          },
          "end": {
            "line": 97,
            "column": 13
          }
        },
        "loc": {
          "start": {
            "line": 97,
            "column": 18
          },
          "end": {
            "line": 99,
            "column": 3
          }
        },
        "line": 97
      },
      "11": {
        "name": "(anonymous_11)",
        "decl": {
          "start": {
            "line": 102,
            "column": 22
          },
          "end": {
            "line": 102,
            "column": 23
          }
        },
        "loc": {
          "start": {
            "line": 102,
            "column": 41
          },
          "end": {
            "line": 117,
            "column": 3
          }
        },
        "line": 102
      },
      "12": {
        "name": "(anonymous_12)",
        "decl": {
          "start": {
            "line": 121,
            "column": 18
          },
          "end": {
            "line": 121,
            "column": 19
          }
        },
        "loc": {
          "start": {
            "line": 122,
            "column": 8
          },
          "end": {
            "line": 152,
            "column": 25
          }
        },
        "line": 122
      },
      "13": {
        "name": "(anonymous_13)",
        "decl": {
          "start": {
            "line": 126,
            "column": 34
          },
          "end": {
            "line": 126,
            "column": 35
          }
        },
        "loc": {
          "start": {
            "line": 126,
            "column": 47
          },
          "end": {
            "line": 150,
            "column": 11
          }
        },
        "line": 126
      }
    },
    "branchMap": {
      "0": {
        "loc": {
          "start": {
            "line": 40,
            "column": 11
          },
          "end": {
            "line": 40,
            "column": 28
          }
        },
        "type": "cond-expr",
        "locations": [
          {
            "start": {
              "line": 40,
              "column": 23
            },
            "end": {
              "line": 40,
              "column": 24
            }
          },
          {
            "start": {
              "line": 40,
              "column": 27
            },
            "end": {
              "line": 40,
              "column": 28
            }
          }
        ],
        "line": 40
      },
      "1": {
        "loc": {
          "start": {
            "line": 64,
            "column": 4
          },
          "end": {
            "line": 67,
            "column": 5
          }
        },
        "type": "if",
        "locations": [
          {
            "start": {
              "line": 64,
              "column": 4
            },
            "end": {
              "line": 67,
              "column": 5
            }
          },
          {
            "start": {
              "line": 64,
              "column": 4
            },
            "end": {
              "line": 67,
              "column": 5
            }
          }
        ],
        "line": 64
      },
      "2": {
        "loc": {
          "start": {
            "line": 76,
            "column": 6
          },
          "end": {
            "line": 88,
            "column": 7
          }
        },
        "type": "if",
        "locations": [
          {
            "start": {
              "line": 76,
              "column": 6
            },
            "end": {
              "line": 88,
              "column": 7
            }
          },
          {
            "start": {
              "line": 76,
              "column": 6
            },
            "end": {
              "line": 88,
              "column": 7
            }
          }
        ],
        "line": 76
      },
      "3": {
        "loc": {
          "start": {
            "line": 76,
            "column": 10
          },
          "end": {
            "line": 76,
            "column": 75
          }
        },
        "type": "binary-expr",
        "locations": [
          {
            "start": {
              "line": 76,
              "column": 10
            },
            "end": {
              "line": 76,
              "column": 36
            }
          },
          {
            "start": {
              "line": 76,
              "column": 40
            },
            "end": {
              "line": 76,
              "column": 75
            }
          }
        ],
        "line": 76
      },
      "4": {
        "loc": {
          "start": {
            "line": 82,
            "column": 13
          },
          "end": {
            "line": 88,
            "column": 7
          }
        },
        "type": "if",
        "locations": [
          {
            "start": {
              "line": 82,
              "column": 13
            },
            "end": {
              "line": 88,
              "column": 7
            }
          },
          {
            "start": {
              "line": 82,
              "column": 13
            },
            "end": {
              "line": 88,
              "column": 7
            }
          }
        ],
        "line": 82
      },
      "5": {
        "loc": {
          "start": {
            "line": 82,
            "column": 17
          },
          "end": {
            "line": 82,
            "column": 65
          }
        },
        "type": "binary-expr",
        "locations": [
          {
            "start": {
              "line": 82,
              "column": 17
            },
            "end": {
              "line": 82,
              "column": 42
            }
          },
          {
            "start": {
              "line": 82,
              "column": 46
            },
            "end": {
              "line": 82,
              "column": 65
            }
          }
        ],
        "line": 82
      },
      "6": {
        "loc": {
          "start": {
            "line": 103,
            "column": 4
          },
          "end": {
            "line": 116,
            "column": 5
          }
        },
        "type": "if",
        "locations": [
          {
            "start": {
              "line": 103,
              "column": 4
            },
            "end": {
              "line": 116,
              "column": 5
            }
          },
          {
            "start": {
              "line": 103,
              "column": 4
            },
            "end": {
              "line": 116,
              "column": 5
            }
          }
        ],
        "line": 103
      },
      "7": {
        "loc": {
          "start": {
            "line": 124,
            "column": 21
          },
          "end": {
            "line": 124,
            "column": 59
          }
        },
        "type": "binary-expr",
        "locations": [
          {
            "start": {
              "line": 124,
              "column": 21
            },
            "end": {
              "line": 124,
              "column": 46
            }
          },
          {
            "start": {
              "line": 124,
              "column": 50
            },
            "end": {
              "line": 124,
              "column": 59
            }
          }
        ],
        "line": 124
      },
      "8": {
        "loc": {
          "start": {
            "line": 128,
            "column": 12
          },
          "end": {
            "line": 148,
            "column": 13
          }
        },
        "type": "if",
        "locations": [
          {
            "start": {
              "line": 128,
              "column": 12
            },
            "end": {
              "line": 148,
              "column": 13
            }
          },
          {
            "start": {
              "line": 128,
              "column": 12
            },
            "end": {
              "line": 148,
              "column": 13
            }
          }
        ],
        "line": 128
      },
      "9": {
        "loc": {
          "start": {
            "line": 136,
            "column": 19
          },
          "end": {
            "line": 148,
            "column": 13
          }
        },
        "type": "if",
        "locations": [
          {
            "start": {
              "line": 136,
              "column": 19
            },
            "end": {
              "line": 148,
              "column": 13
            }
          },
          {
            "start": {
              "line": 136,
              "column": 19
            },
            "end": {
              "line": 148,
              "column": 13
            }
          }
        ],
        "line": 136
      },
      "10": {
        "loc": {
          "start": {
            "line": 140,
            "column": 19
          },
          "end": {
            "line": 148,
            "column": 13
          }
        },
        "type": "if",
        "locations": [
          {
            "start": {
              "line": 140,
              "column": 19
            },
            "end": {
              "line": 148,
              "column": 13
            }
          },
          {
            "start": {
              "line": 140,
              "column": 19
            },
            "end": {
              "line": 148,
              "column": 13
            }
          }
        ],
        "line": 140
      },
      "11": {
        "loc": {
          "start": {
            "line": 144,
            "column": 19
          },
          "end": {
            "line": 148,
            "column": 13
          }
        },
        "type": "if",
        "locations": [
          {
            "start": {
              "line": 144,
              "column": 19
            },
            "end": {
              "line": 148,
              "column": 13
            }
          },
          {
            "start": {
              "line": 144,
              "column": 19
            },
            "end": {
              "line": 148,
              "column": 13
            }
          }
        ],
        "line": 144
      }
    },
    "s": {
      "0": 1,
      "1": 1,
      "2": 1,
      "3": 0,
      "4": 1,
      "5": 0,
      "6": 0,
      "7": 0,
      "8": 0,
      "9": 0,
      "10": 0,
      "11": 0,
      "12": 0,
      "13": 0,
      "14": 0,
      "15": 0,
      "16": 0,
      "17": 0,
      "18": 0,
      "19": 0,
      "20": 0,
      "21": 0,
      "22": 0,
      "23": 0,
      "24": 0,
      "25": 0,
      "26": 0,
      "27": 0,
      "28": 0,
      "29": 0,
      "30": 0,
      "31": 0,
      "32": 0,
      "33": 0,
      "34": 0,
      "35": 0,
      "36": 0,
      "37": 0,
      "38": 0,
      "39": 0,
      "40": 0,
      "41": 0,
      "42": 0,
      "43": 0,
      "44": 0,
      "45": 0,
      "46": 0,
      "47": 0,
      "48": 0,
      "49": 0,
      "50": 0,
      "51": 0,
      "52": 0,
      "53": 0,
      "54": 0
    },
    "f": {
      "0": 0,
      "1": 0,
      "2": 0,
      "3": 0,
      "4": 0,
      "5": 0,
      "6": 0,
      "7": 0,
      "8": 0,
      "9": 0,
      "10": 0,
      "11": 0,
      "12": 0,
      "13": 0
    },
    "b": {
      "0": [
        0,
        0
      ],
      "1": [
        0,
        0
      ],
      "2": [
        0,
        0
      ],
      "3": [
        0,
        0
      ],
      "4": [
        0,
        0
      ],
      "5": [
        0,
        0
      ],
      "6": [
        0,
        0
      ],
      "7": [
        0,
        0
      ],
      "8": [
        0,
        0
      ],
      "9": [
        0,
        0
      ],
      "10": [
        0,
        0
      ],
      "11": [
        0,
        0
      ]
    },
    "_coverageSchema": "1a1c01bbd47fc00a2c39e90264f33305004495a9",
    "hash": "00dfd463e0e848bc40b11cb137d480323dbfc1c3"
  },
  "/Users/raghammer/Desktop/COMP6080/ass4/presto/frontend/src/App.jsx": {
    "path": "/Users/raghammer/Desktop/COMP6080/ass4/presto/frontend/src/App.jsx",
    "statementMap": {
      "0": {
        "start": {
          "line": 12,
          "column": 12
        },
        "end": {
          "line": 51,
          "column": 1
        }
      },
      "1": {
        "start": {
          "line": 13,
          "column": 2
        },
        "end": {
          "line": 50,
          "column": 4
        }
      }
    },
    "fnMap": {
      "0": {
        "name": "(anonymous_0)",
        "decl": {
          "start": {
            "line": 12,
            "column": 12
          },
          "end": {
            "line": 12,
            "column": 13
          }
        },
        "loc": {
          "start": {
            "line": 12,
            "column": 18
          },
          "end": {
            "line": 51,
            "column": 1
          }
        },
        "line": 12
      }
    },
    "branchMap": {},
    "s": {
      "0": 1,
      "1": 3
    },
    "f": {
      "0": 3
    },
    "b": {},
    "_coverageSchema": "1a1c01bbd47fc00a2c39e90264f33305004495a9",
    "hash": "d1a265ae92f61d5c82c2cc962ed95d8eb32ee880"
  },
  "/Users/raghammer/Desktop/COMP6080/ass4/presto/frontend/src/index.jsx": {
    "path": "/Users/raghammer/Desktop/COMP6080/ass4/presto/frontend/src/index.jsx",
    "statementMap": {
      "0": {
        "start": {
          "line": 5,
          "column": 13
        },
        "end": {
          "line": 5,
          "column": 65
        }
      },
      "1": {
        "start": {
          "line": 6,
          "column": 0
        },
        "end": {
          "line": 10,
          "column": 2
        }
      }
    },
    "fnMap": {},
    "branchMap": {},
    "s": {
      "0": 1,
      "1": 1
    },
    "f": {},
    "b": {},
    "_coverageSchema": "1a1c01bbd47fc00a2c39e90264f33305004495a9",
    "hash": "5f879d4004de0576cb2cbc779246e3c157e7ed41"
  }
}