{
  "/Users/raghammer/Desktop/COMP6080/ass4/presto/frontend/src/components/InputLabel.js": {
    "path": "/Users/raghammer/Desktop/COMP6080/ass4/presto/frontend/src/components/InputLabel.js",
    "statementMap": {
      "0": {
        "start": {
          "line": 5,
          "column": 16
        },
        "end": {
          "line": 10,
          "column": 2
        }
      },
      "1": {
        "start": {
          "line": 12,
          "column": 14
        },
        "end": {
          "line": 17,
          "column": 2
        }
      },
      "2": {
        "start": {
          "line": 19,
          "column": 14
        },
        "end": {
          "line": 29,
          "column": 2
        }
      },
      "3": {
        "start": {
          "line": 31,
          "column": 24
        },
        "end": {
          "line": 57,
          "column": 1
        }
      },
      "4": {
        "start": {
          "line": 39,
          "column": 28
        },
        "end": {
          "line": 41,
          "column": 3
        }
      },
      "5": {
        "start": {
          "line": 40,
          "column": 4
        },
        "end": {
          "line": 40,
          "column": 33
        }
      },
      "6": {
        "start": {
          "line": 43,
          "column": 2
        },
        "end": {
          "line": 56,
          "column": 4
        }
      }
    },
    "fnMap": {
      "0": {
        "name": "(anonymous_0)",
        "decl": {
          "start": {
            "line": 31,
            "column": 24
          },
          "end": {
            "line": 31,
            "column": 25
          }
        },
        "loc": {
          "start": {
            "line": 38,
            "column": 6
          },
          "end": {
            "line": 57,
            "column": 1
          }
        },
        "line": 38
      },
      "1": {
        "name": "(anonymous_1)",
        "decl": {
          "start": {
            "line": 39,
            "column": 28
          },
          "end": {
            "line": 39,
            "column": 29
          }
        },
        "loc": {
          "start": {
            "line": 39,
            "column": 39
          },
          "end": {
            "line": 41,
            "column": 3
          }
        },
        "line": 39
      }
    },
    "branchMap": {
      "0": {
        "loc": {
          "start": {
            "line": 45,
            "column": 26
          },
          "end": {
            "line": 45,
            "column": 78
          }
        },
        "type": "cond-expr",
        "locations": [
          {
            "start": {
              "line": 45,
              "column": 39
            },
            "end": {
              "line": 45,
              "column": 60
            }
          },
          {
            "start": {
              "line": 45,
              "column": 63
            },
            "end": {
              "line": 45,
              "column": 78
            }
          }
        ],
        "line": 45
      },
      "1": {
        "loc": {
          "start": {
            "line": 53,
            "column": 21
          },
          "end": {
            "line": 53,
            "column": 62
          }
        },
        "type": "cond-expr",
        "locations": [
          {
            "start": {
              "line": 53,
              "column": 34
            },
            "end": {
              "line": 53,
              "column": 44
            }
          },
          {
            "start": {
              "line": 53,
              "column": 47
            },
            "end": {
              "line": 53,
              "column": 62
            }
          }
        ],
        "line": 53
      }
    },
    "s": {
      "0": 5,
      "1": 5,
      "2": 5,
      "3": 5,
      "4": 5820,
      "5": 894,
      "6": 5820
    },
    "f": {
      "0": 5820,
      "1": 894
    },
    "b": {
      "0": [
        5736,
        84
      ],
      "1": [
        5736,
        84
      ]
    },
    "_coverageSchema": "1a1c01bbd47fc00a2c39e90264f33305004495a9",
    "hash": "80bb8385a2b9aaad2619efd2ea161763995ca168"
  },
  "/Users/raghammer/Desktop/COMP6080/ass4/presto/frontend/src/authPages/loginPage/LoginPageInputs.js": {
    "path": "/Users/raghammer/Desktop/COMP6080/ass4/presto/frontend/src/authPages/loginPage/LoginPageInputs.js",
    "statementMap": {
      "0": {
        "start": {
          "line": 4,
          "column": 24
        },
        "end": {
          "line": 25,
          "column": 1
        }
      },
      "1": {
        "start": {
          "line": 5,
          "column": 2
        },
        "end": {
          "line": 24,
          "column": 4
        }
      }
    },
    "fnMap": {
      "0": {
        "name": "(anonymous_0)",
        "decl": {
          "start": {
            "line": 4,
            "column": 24
          },
          "end": {
            "line": 4,
            "column": 25
          }
        },
        "loc": {
          "start": {
            "line": 4,
            "column": 70
          },
          "end": {
            "line": 25,
            "column": 1
          }
        },
        "line": 4
      }
    },
    "branchMap": {},
    "s": {
      "0": 5,
      "1": 334
    },
    "f": {
      "0": 334
    },
    "b": {},
    "_coverageSchema": "1a1c01bbd47fc00a2c39e90264f33305004495a9",
    "hash": "7196ca87ca0e129ba814be2e75171a59d5e24ced"
  },
  "/Users/raghammer/Desktop/COMP6080/ass4/presto/frontend/src/components/CustomePrimaryButton.js": {
    "path": "/Users/raghammer/Desktop/COMP6080/ass4/presto/frontend/src/components/CustomePrimaryButton.js",
    "statementMap": {
      "0": {
        "start": {
          "line": 4,
          "column": 28
        },
        "end": {
          "line": 35,
          "column": 1
        }
      },
      "1": {
        "start": {
          "line": 11,
          "column": 2
        },
        "end": {
          "line": 34,
          "column": 4
        }
      }
    },
    "fnMap": {
      "0": {
        "name": "(anonymous_0)",
        "decl": {
          "start": {
            "line": 4,
            "column": 28
          },
          "end": {
            "line": 4,
            "column": 29
          }
        },
        "loc": {
          "start": {
            "line": 10,
            "column": 6
          },
          "end": {
            "line": 35,
            "column": 1
          }
        },
        "line": 10
      }
    },
    "branchMap": {
      "0": {
        "loc": {
          "start": {
            "line": 26,
            "column": 13
          },
          "end": {
            "line": 26,
            "column": 34
          }
        },
        "type": "binary-expr",
        "locations": [
          {
            "start": {
              "line": 26,
              "column": 13
            },
            "end": {
              "line": 26,
              "column": 28
            }
          },
          {
            "start": {
              "line": 26,
              "column": 32
            },
            "end": {
              "line": 26,
              "column": 34
            }
          }
        ],
        "line": 26
      },
      "1": {
        "loc": {
          "start": {
            "line": 30,
            "column": 19
          },
          "end": {
            "line": 30,
            "column": 47
          }
        },
        "type": "cond-expr",
        "locations": [
          {
            "start": {
              "line": 30,
              "column": 32
            },
            "end": {
              "line": 30,
              "column": 42
            }
          },
          {
            "start": {
              "line": 30,
              "column": 45
            },
            "end": {
              "line": 30,
              "column": 47
            }
          }
        ],
        "line": 30
      }
    },
    "s": {
      "0": 5,
      "1": 3302
    },
    "f": {
      "0": 3302
    },
    "b": {
      "0": [
        3302,
        0
      ],
      "1": [
        3194,
        108
      ]
    },
    "_coverageSchema": "1a1c01bbd47fc00a2c39e90264f33305004495a9",
    "hash": "383b003fcfb9f9c373e4074fccbcf03030a8dad6"
  },
  "/Users/raghammer/Desktop/COMP6080/ass4/presto/frontend/src/components/RedirectInfo.js": {
    "path": "/Users/raghammer/Desktop/COMP6080/ass4/presto/frontend/src/components/RedirectInfo.js",
    "statementMap": {
      "0": {
        "start": {
          "line": 5,
          "column": 21
        },
        "end": {
          "line": 9,
          "column": 2
        }
      },
      "1": {
        "start": {
          "line": 11,
          "column": 21
        },
        "end": {
          "line": 27,
          "column": 1
        }
      },
      "2": {
        "start": {
          "line": 17,
          "column": 2
        },
        "end": {
          "line": 26,
          "column": 4
        }
      }
    },
    "fnMap": {
      "0": {
        "name": "(anonymous_0)",
        "decl": {
          "start": {
            "line": 11,
            "column": 21
          },
          "end": {
            "line": 11,
            "column": 22
          }
        },
        "loc": {
          "start": {
            "line": 16,
            "column": 6
          },
          "end": {
            "line": 27,
            "column": 1
          }
        },
        "line": 16
      }
    },
    "branchMap": {
      "0": {
        "loc": {
          "start": {
            "line": 20,
            "column": 13
          },
          "end": {
            "line": 20,
            "column": 35
          }
        },
        "type": "binary-expr",
        "locations": [
          {
            "start": {
              "line": 20,
              "column": 13
            },
            "end": {
              "line": 20,
              "column": 29
            }
          },
          {
            "start": {
              "line": 20,
              "column": 33
            },
            "end": {
              "line": 20,
              "column": 35
            }
          }
        ],
        "line": 20
      }
    },
    "s": {
      "0": 5,
      "1": 5,
      "2": 1108
    },
    "f": {
      "0": 1108
    },
    "b": {
      "0": [
        1108,
        0
      ]
    },
    "_coverageSchema": "1a1c01bbd47fc00a2c39e90264f33305004495a9",
    "hash": "18a8ce49293e3498029050588c98af0ae5368134"
  },
  "/Users/raghammer/Desktop/COMP6080/ass4/presto/frontend/src/authPages/loginPage/LoginPageFooter.js": {
    "path": "/Users/raghammer/Desktop/COMP6080/ass4/presto/frontend/src/authPages/loginPage/LoginPageFooter.js",
    "statementMap": {
      "0": {
        "start": {
          "line": 7,
          "column": 24
        },
        "end": {
          "line": 43,
          "column": 1
        }
      },
      "1": {
        "start": {
          "line": 8,
          "column": 14
        },
        "end": {
          "line": 8,
          "column": 27
        }
      },
      "2": {
        "start": {
          "line": 10,
          "column": 35
        },
        "end": {
          "line": 12,
          "column": 3
        }
      },
      "3": {
        "start": {
          "line": 11,
          "column": 4
        },
        "end": {
          "line": 11,
          "column": 21
        }
      },
      "4": {
        "start": {
          "line": 14,
          "column": 26
        },
        "end": {
          "line": 16,
          "column": 3
        }
      },
      "5": {
        "start": {
          "line": 15,
          "column": 4
        },
        "end": {
          "line": 15,
          "column": 89
        }
      },
      "6": {
        "start": {
          "line": 18,
          "column": 23
        },
        "end": {
          "line": 20,
          "column": 3
        }
      },
      "7": {
        "start": {
          "line": 19,
          "column": 4
        },
        "end": {
          "line": 19,
          "column": 29
        }
      },
      "8": {
        "start": {
          "line": 22,
          "column": 2
        },
        "end": {
          "line": 42,
          "column": 4
        }
      }
    },
    "fnMap": {
      "0": {
        "name": "(anonymous_0)",
        "decl": {
          "start": {
            "line": 7,
            "column": 24
          },
          "end": {
            "line": 7,
            "column": 25
          }
        },
        "loc": {
          "start": {
            "line": 7,
            "column": 66
          },
          "end": {
            "line": 43,
            "column": 1
          }
        },
        "line": 7
      },
      "1": {
        "name": "(anonymous_1)",
        "decl": {
          "start": {
            "line": 10,
            "column": 35
          },
          "end": {
            "line": 10,
            "column": 36
          }
        },
        "loc": {
          "start": {
            "line": 10,
            "column": 41
          },
          "end": {
            "line": 12,
            "column": 3
          }
        },
        "line": 10
      },
      "2": {
        "name": "(anonymous_2)",
        "decl": {
          "start": {
            "line": 14,
            "column": 26
          },
          "end": {
            "line": 14,
            "column": 27
          }
        },
        "loc": {
          "start": {
            "line": 14,
            "column": 32
          },
          "end": {
            "line": 16,
            "column": 3
          }
        },
        "line": 14
      },
      "3": {
        "name": "(anonymous_3)",
        "decl": {
          "start": {
            "line": 18,
            "column": 23
          },
          "end": {
            "line": 18,
            "column": 24
          }
        },
        "loc": {
          "start": {
            "line": 18,
            "column": 29
          },
          "end": {
            "line": 20,
            "column": 3
          }
        },
        "line": 18
      }
    },
    "branchMap": {
      "0": {
        "loc": {
          "start": {
            "line": 24,
            "column": 22
          },
          "end": {
            "line": 24,
            "column": 71
          }
        },
        "type": "cond-expr",
        "locations": [
          {
            "start": {
              "line": 24,
              "column": 37
            },
            "end": {
              "line": 24,
              "column": 54
            }
          },
          {
            "start": {
              "line": 24,
              "column": 57
            },
            "end": {
              "line": 24,
              "column": 71
            }
          }
        ],
        "line": 24
      }
    },
    "s": {
      "0": 5,
      "1": 334,
      "2": 334,
      "3": 0,
      "4": 334,
      "5": 276,
      "6": 334,
      "7": 58,
      "8": 334
    },
    "f": {
      "0": 334,
      "1": 0,
      "2": 276,
      "3": 58
    },
    "b": {
      "0": [
        276,
        58
      ]
    },
    "_coverageSchema": "1a1c01bbd47fc00a2c39e90264f33305004495a9",
    "hash": "742eb9a927225807d8c24ed06cb08e4bde9b8090"
  },
  "/Users/raghammer/Desktop/COMP6080/ass4/presto/frontend/src/shared/validators.js": {
    "path": "/Users/raghammer/Desktop/COMP6080/ass4/presto/frontend/src/shared/validators.js",
    "statementMap": {
      "0": {
        "start": {
          "line": 1,
          "column": 33
        },
        "end": {
          "line": 5,
          "column": 1
        }
      },
      "1": {
        "start": {
          "line": 2,
          "column": 22
        },
        "end": {
          "line": 2,
          "column": 40
        }
      },
      "2": {
        "start": {
          "line": 3,
          "column": 22
        },
        "end": {
          "line": 3,
          "column": 48
        }
      },
      "3": {
        "start": {
          "line": 4,
          "column": 2
        },
        "end": {
          "line": 4,
          "column": 36
        }
      },
      "4": {
        "start": {
          "line": 7,
          "column": 36
        },
        "end": {
          "line": 31,
          "column": 1
        }
      },
      "5": {
        "start": {
          "line": 13,
          "column": 22
        },
        "end": {
          "line": 13,
          "column": 40
        }
      },
      "6": {
        "start": {
          "line": 14,
          "column": 22
        },
        "end": {
          "line": 14,
          "column": 48
        }
      },
      "7": {
        "start": {
          "line": 15,
          "column": 26
        },
        "end": {
          "line": 15,
          "column": 52
        }
      },
      "8": {
        "start": {
          "line": 16,
          "column": 25
        },
        "end": {
          "line": 16,
          "column": 51
        }
      },
      "9": {
        "start": {
          "line": 19,
          "column": 4
        },
        "end": {
          "line": 19,
          "column": 105
        }
      },
      "10": {
        "start": {
          "line": 21,
          "column": 2
        },
        "end": {
          "line": 25,
          "column": 3
        }
      },
      "11": {
        "start": {
          "line": 22,
          "column": 4
        },
        "end": {
          "line": 22,
          "column": 44
        }
      },
      "12": {
        "start": {
          "line": 23,
          "column": 9
        },
        "end": {
          "line": 25,
          "column": 3
        }
      },
      "13": {
        "start": {
          "line": 24,
          "column": 4
        },
        "end": {
          "line": 24,
          "column": 37
        }
      },
      "14": {
        "start": {
          "line": 27,
          "column": 2
        },
        "end": {
          "line": 30,
          "column": 4
        }
      },
      "15": {
        "start": {
          "line": 33,
          "column": 25
        },
        "end": {
          "line": 35,
          "column": 1
        }
      },
      "16": {
        "start": {
          "line": 34,
          "column": 2
        },
        "end": {
          "line": 34,
          "column": 55
        }
      },
      "17": {
        "start": {
          "line": 37,
          "column": 25
        },
        "end": {
          "line": 39,
          "column": 1
        }
      },
      "18": {
        "start": {
          "line": 38,
          "column": 2
        },
        "end": {
          "line": 38,
          "column": 47
        }
      },
      "19": {
        "start": {
          "line": 41,
          "column": 28
        },
        "end": {
          "line": 44,
          "column": 1
        }
      },
      "20": {
        "start": {
          "line": 42,
          "column": 22
        },
        "end": {
          "line": 42,
          "column": 71
        }
      },
      "21": {
        "start": {
          "line": 43,
          "column": 2
        },
        "end": {
          "line": 43,
          "column": 32
        }
      }
    },
    "fnMap": {
      "0": {
        "name": "(anonymous_0)",
        "decl": {
          "start": {
            "line": 1,
            "column": 33
          },
          "end": {
            "line": 1,
            "column": 34
          }
        },
        "loc": {
          "start": {
            "line": 1,
            "column": 57
          },
          "end": {
            "line": 5,
            "column": 1
          }
        },
        "line": 1
      },
      "1": {
        "name": "(anonymous_1)",
        "decl": {
          "start": {
            "line": 7,
            "column": 36
          },
          "end": {
            "line": 7,
            "column": 37
          }
        },
        "loc": {
          "start": {
            "line": 12,
            "column": 6
          },
          "end": {
            "line": 31,
            "column": 1
          }
        },
        "line": 12
      },
      "2": {
        "name": "(anonymous_2)",
        "decl": {
          "start": {
            "line": 33,
            "column": 25
          },
          "end": {
            "line": 33,
            "column": 26
          }
        },
        "loc": {
          "start": {
            "line": 33,
            "column": 39
          },
          "end": {
            "line": 35,
            "column": 1
          }
        },
        "line": 33
      },
      "3": {
        "name": "(anonymous_3)",
        "decl": {
          "start": {
            "line": 37,
            "column": 25
          },
          "end": {
            "line": 37,
            "column": 26
          }
        },
        "loc": {
          "start": {
            "line": 37,
            "column": 35
          },
          "end": {
            "line": 39,
            "column": 1
          }
        },
        "line": 37
      },
      "4": {
        "name": "(anonymous_4)",
        "decl": {
          "start": {
            "line": 41,
            "column": 28
          },
          "end": {
            "line": 41,
            "column": 29
          }
        },
        "loc": {
          "start": {
            "line": 41,
            "column": 38
          },
          "end": {
            "line": 44,
            "column": 1
          }
        },
        "line": 41
      }
    },
    "branchMap": {
      "0": {
        "loc": {
          "start": {
            "line": 4,
            "column": 9
          },
          "end": {
            "line": 4,
            "column": 35
          }
        },
        "type": "binary-expr",
        "locations": [
          {
            "start": {
              "line": 4,
              "column": 9
            },
            "end": {
              "line": 4,
              "column": 20
            }
          },
          {
            "start": {
              "line": 4,
              "column": 24
            },
            "end": {
              "line": 4,
              "column": 35
            }
          }
        ],
        "line": 4
      },
      "1": {
        "loc": {
          "start": {
            "line": 21,
            "column": 2
          },
          "end": {
            "line": 25,
            "column": 3
          }
        },
        "type": "if",
        "locations": [
          {
            "start": {
              "line": 21,
              "column": 2
            },
            "end": {
              "line": 25,
              "column": 3
            }
          },
          {
            "start": {
              "line": 21,
              "column": 2
            },
            "end": {
              "line": 25,
              "column": 3
            }
          }
        ],
        "line": 21
      },
      "2": {
        "loc": {
          "start": {
            "line": 23,
            "column": 9
          },
          "end": {
            "line": 25,
            "column": 3
          }
        },
        "type": "if",
        "locations": [
          {
            "start": {
              "line": 23,
              "column": 9
            },
            "end": {
              "line": 25,
              "column": 3
            }
          },
          {
            "start": {
              "line": 23,
              "column": 9
            },
            "end": {
              "line": 25,
              "column": 3
            }
          }
        ],
        "line": 23
      },
      "3": {
        "loc": {
          "start": {
            "line": 29,
            "column": 11
          },
          "end": {
            "line": 29,
            "column": 74
          }
        },
        "type": "binary-expr",
        "locations": [
          {
            "start": {
              "line": 29,
              "column": 11
            },
            "end": {
              "line": 29,
              "column": 22
            }
          },
          {
            "start": {
              "line": 29,
              "column": 26
            },
            "end": {
              "line": 29,
              "column": 37
            }
          },
          {
            "start": {
              "line": 29,
              "column": 41
            },
            "end": {
              "line": 29,
              "column": 56
            }
          },
          {
            "start": {
              "line": 29,
              "column": 60
            },
            "end": {
              "line": 29,
              "column": 74
            }
          }
        ],
        "line": 29
      },
      "4": {
        "loc": {
          "start": {
            "line": 34,
            "column": 9
          },
          "end": {
            "line": 34,
            "column": 54
          }
        },
        "type": "binary-expr",
        "locations": [
          {
            "start": {
              "line": 34,
              "column": 9
            },
            "end": {
              "line": 34,
              "column": 29
            }
          },
          {
            "start": {
              "line": 34,
              "column": 33
            },
            "end": {
              "line": 34,
              "column": 54
            }
          }
        ],
        "line": 34
      },
      "5": {
        "loc": {
          "start": {
            "line": 38,
            "column": 9
          },
          "end": {
            "line": 38,
            "column": 46
          }
        },
        "type": "binary-expr",
        "locations": [
          {
            "start": {
              "line": 38,
              "column": 9
            },
            "end": {
              "line": 38,
              "column": 25
            }
          },
          {
            "start": {
              "line": 38,
              "column": 29
            },
            "end": {
              "line": 38,
              "column": 46
            }
          }
        ],
        "line": 38
      }
    },
    "s": {
      "0": 5,
      "1": 164,
      "2": 164,
      "3": 164,
      "4": 5,
      "5": 195,
      "6": 195,
      "7": 195,
      "8": 195,
      "9": 195,
      "10": 195,
      "11": 96,
      "12": 99,
      "13": 69,
      "14": 195,
      "15": 5,
      "16": 195,
      "17": 5,
      "18": 359,
      "19": 5,
      "20": 359,
      "21": 359
    },
    "f": {
      "0": 164,
      "1": 195,
      "2": 195,
      "3": 359,
      "4": 359
    },
    "b": {
      "0": [
        164,
        53
      ],
      "1": [
        96,
        99
      ],
      "2": [
        69,
        30
      ],
      "3": [
        195,
        99,
        57,
        57
      ],
      "4": [
        195,
        87
      ],
      "5": [
        359,
        82
      ]
    },
    "_coverageSchema": "1a1c01bbd47fc00a2c39e90264f33305004495a9",
    "hash": "c3594e61dc507595d8f5f71644701a74c84f8d1a"
  },
  "/Users/raghammer/Desktop/COMP6080/ass4/presto/frontend/src/components/AuthBox.js": {
    "path": "/Users/raghammer/Desktop/COMP6080/ass4/presto/frontend/src/components/AuthBox.js",
    "statementMap": {
      "0": {
        "start": {
          "line": 5,
          "column": 19
        },
        "end": {
          "line": 12,
          "column": 2
        }
      },
      "1": {
        "start": {
          "line": 14,
          "column": 16
        },
        "end": {
          "line": 34,
          "column": 1
        }
      },
      "2": {
        "start": {
          "line": 15,
          "column": 2
        },
        "end": {
          "line": 33,
          "column": 4
        }
      }
    },
    "fnMap": {
      "0": {
        "name": "(anonymous_0)",
        "decl": {
          "start": {
            "line": 14,
            "column": 16
          },
          "end": {
            "line": 14,
            "column": 17
          }
        },
        "loc": {
          "start": {
            "line": 14,
            "column": 27
          },
          "end": {
            "line": 34,
            "column": 1
          }
        },
        "line": 14
      }
    },
    "branchMap": {},
    "s": {
      "0": 5,
      "1": 5,
      "2": 1108
    },
    "f": {
      "0": 1108
    },
    "b": {},
    "_coverageSchema": "1a1c01bbd47fc00a2c39e90264f33305004495a9",
    "hash": "7bc70b44f4bf6f9523e6d66681937392ef4ffb4b"
  },
  "/Users/raghammer/Desktop/COMP6080/ass4/presto/frontend/src/services/client.js": {
    "path": "/Users/raghammer/Desktop/COMP6080/ass4/presto/frontend/src/services/client.js",
    "statementMap": {
      "0": {
        "start": {
          "line": 3,
          "column": 18
        },
        "end": {
          "line": 6,
          "column": 2
        }
      },
      "1": {
        "start": {
          "line": 8,
          "column": 0
        },
        "end": {
          "line": 23,
          "column": 2
        }
      },
      "2": {
        "start": {
          "line": 10,
          "column": 18
        },
        "end": {
          "line": 10,
          "column": 47
        }
      },
      "3": {
        "start": {
          "line": 11,
          "column": 4
        },
        "end": {
          "line": 17,
          "column": 5
        }
      },
      "4": {
        "start": {
          "line": 12,
          "column": 6
        },
        "end": {
          "line": 16,
          "column": 7
        }
      },
      "5": {
        "start": {
          "line": 13,
          "column": 8
        },
        "end": {
          "line": 13,
          "column": 57
        }
      },
      "6": {
        "start": {
          "line": 15,
          "column": 8
        },
        "end": {
          "line": 15,
          "column": 25
        }
      },
      "7": {
        "start": {
          "line": 18,
          "column": 4
        },
        "end": {
          "line": 18,
          "column": 18
        }
      },
      "8": {
        "start": {
          "line": 21,
          "column": 4
        },
        "end": {
          "line": 21,
          "column": 31
        }
      }
    },
    "fnMap": {
      "0": {
        "name": "(anonymous_0)",
        "decl": {
          "start": {
            "line": 9,
            "column": 2
          },
          "end": {
            "line": 9,
            "column": 3
          }
        },
        "loc": {
          "start": {
            "line": 9,
            "column": 14
          },
          "end": {
            "line": 19,
            "column": 3
          }
        },
        "line": 9
      },
      "1": {
        "name": "(anonymous_1)",
        "decl": {
          "start": {
            "line": 20,
            "column": 2
          },
          "end": {
            "line": 20,
            "column": 3
          }
        },
        "loc": {
          "start": {
            "line": 20,
            "column": 11
          },
          "end": {
            "line": 22,
            "column": 3
          }
        },
        "line": 20
      }
    },
    "branchMap": {
      "0": {
        "loc": {
          "start": {
            "line": 11,
            "column": 4
          },
          "end": {
            "line": 17,
            "column": 5
          }
        },
        "type": "if",
        "locations": [
          {
            "start": {
              "line": 11,
              "column": 4
            },
            "end": {
              "line": 17,
              "column": 5
            }
          },
          {
            "start": {
              "line": 11,
              "column": 4
            },
            "end": {
              "line": 17,
              "column": 5
            }
          }
        ],
        "line": 11
      }
    },
    "s": {
      "0": 5,
      "1": 5,
      "2": 162,
      "3": 162,
      "4": 155,
      "5": 155,
      "6": 0,
      "7": 162,
      "8": 0
    },
    "f": {
      "0": 162,
      "1": 0
    },
    "b": {
      "0": [
        155,
        7
      ]
    },
    "_coverageSchema": "1a1c01bbd47fc00a2c39e90264f33305004495a9",
    "hash": "bd10e54d516874c49b7c6c20963598c20b668316"
  },
  "/Users/raghammer/Desktop/COMP6080/ass4/presto/frontend/src/services/api.js": {
    "path": "/Users/raghammer/Desktop/COMP6080/ass4/presto/frontend/src/services/api.js",
    "statementMap": {
      "0": {
        "start": {
          "line": 3,
          "column": 21
        },
        "end": {
          "line": 5,
          "column": 1
        }
      },
      "1": {
        "start": {
          "line": 4,
          "column": 2
        },
        "end": {
          "line": 4,
          "column": 57
        }
      },
      "2": {
        "start": {
          "line": 7,
          "column": 24
        },
        "end": {
          "line": 13,
          "column": 1
        }
      },
      "3": {
        "start": {
          "line": 8,
          "column": 2
        },
        "end": {
          "line": 12,
          "column": 3
        }
      },
      "4": {
        "start": {
          "line": 9,
          "column": 4
        },
        "end": {
          "line": 9,
          "column": 62
        }
      },
      "5": {
        "start": {
          "line": 11,
          "column": 4
        },
        "end": {
          "line": 11,
          "column": 30
        }
      },
      "6": {
        "start": {
          "line": 15,
          "column": 24
        },
        "end": {
          "line": 32,
          "column": 1
        }
      },
      "7": {
        "start": {
          "line": 16,
          "column": 2
        },
        "end": {
          "line": 31,
          "column": 3
        }
      },
      "8": {
        "start": {
          "line": 17,
          "column": 18
        },
        "end": {
          "line": 17,
          "column": 47
        }
      },
      "9": {
        "start": {
          "line": 19,
          "column": 4
        },
        "end": {
          "line": 21,
          "column": 5
        }
      },
      "10": {
        "start": {
          "line": 20,
          "column": 6
        },
        "end": {
          "line": 20,
          "column": 40
        }
      },
      "11": {
        "start": {
          "line": 23,
          "column": 21
        },
        "end": {
          "line": 27,
          "column": 6
        }
      },
      "12": {
        "start": {
          "line": 28,
          "column": 4
        },
        "end": {
          "line": 28,
          "column": 60
        }
      },
      "13": {
        "start": {
          "line": 28,
          "column": 33
        },
        "end": {
          "line": 28,
          "column": 60
        }
      },
      "14": {
        "start": {
          "line": 30,
          "column": 4
        },
        "end": {
          "line": 30,
          "column": 47
        }
      },
      "15": {
        "start": {
          "line": 34,
          "column": 24
        },
        "end": {
          "line": 54,
          "column": 1
        }
      },
      "16": {
        "start": {
          "line": 35,
          "column": 2
        },
        "end": {
          "line": 53,
          "column": 3
        }
      },
      "17": {
        "start": {
          "line": 36,
          "column": 18
        },
        "end": {
          "line": 36,
          "column": 47
        }
      },
      "18": {
        "start": {
          "line": 37,
          "column": 4
        },
        "end": {
          "line": 37,
          "column": 30
        }
      },
      "19": {
        "start": {
          "line": 40,
          "column": 4
        },
        "end": {
          "line": 42,
          "column": 5
        }
      },
      "20": {
        "start": {
          "line": 41,
          "column": 6
        },
        "end": {
          "line": 41,
          "column": 40
        }
      },
      "21": {
        "start": {
          "line": 44,
          "column": 21
        },
        "end": {
          "line": 48,
          "column": 6
        }
      },
      "22": {
        "start": {
          "line": 50,
          "column": 4
        },
        "end": {
          "line": 50,
          "column": 20
        }
      },
      "23": {
        "start": {
          "line": 52,
          "column": 4
        },
        "end": {
          "line": 52,
          "column": 47
        }
      }
    },
    "fnMap": {
      "0": {
        "name": "(anonymous_0)",
        "decl": {
          "start": {
            "line": 3,
            "column": 21
          },
          "end": {
            "line": 3,
            "column": 22
          }
        },
        "loc": {
          "start": {
            "line": 3,
            "column": 37
          },
          "end": {
            "line": 5,
            "column": 1
          }
        },
        "line": 3
      },
      "1": {
        "name": "(anonymous_1)",
        "decl": {
          "start": {
            "line": 7,
            "column": 24
          },
          "end": {
            "line": 7,
            "column": 25
          }
        },
        "loc": {
          "start": {
            "line": 7,
            "column": 40
          },
          "end": {
            "line": 13,
            "column": 1
          }
        },
        "line": 7
      },
      "2": {
        "name": "(anonymous_2)",
        "decl": {
          "start": {
            "line": 15,
            "column": 24
          },
          "end": {
            "line": 15,
            "column": 25
          }
        },
        "loc": {
          "start": {
            "line": 15,
            "column": 36
          },
          "end": {
            "line": 32,
            "column": 1
          }
        },
        "line": 15
      },
      "3": {
        "name": "(anonymous_3)",
        "decl": {
          "start": {
            "line": 34,
            "column": 24
          },
          "end": {
            "line": 34,
            "column": 25
          }
        },
        "loc": {
          "start": {
            "line": 34,
            "column": 40
          },
          "end": {
            "line": 54,
            "column": 1
          }
        },
        "line": 34
      }
    },
    "branchMap": {
      "0": {
        "loc": {
          "start": {
            "line": 19,
            "column": 4
          },
          "end": {
            "line": 21,
            "column": 5
          }
        },
        "type": "if",
        "locations": [
          {
            "start": {
              "line": 19,
              "column": 4
            },
            "end": {
              "line": 21,
              "column": 5
            }
          },
          {
            "start": {
              "line": 19,
              "column": 4
            },
            "end": {
              "line": 21,
              "column": 5
            }
          }
        ],
        "line": 19
      },
      "1": {
        "loc": {
          "start": {
            "line": 28,
            "column": 4
          },
          "end": {
            "line": 28,
            "column": 60
          }
        },
        "type": "if",
        "locations": [
          {
            "start": {
              "line": 28,
              "column": 4
            },
            "end": {
              "line": 28,
              "column": 60
            }
          },
          {
            "start": {
              "line": 28,
              "column": 4
            },
            "end": {
              "line": 28,
              "column": 60
            }
          }
        ],
        "line": 28
      },
      "2": {
        "loc": {
          "start": {
            "line": 40,
            "column": 4
          },
          "end": {
            "line": 42,
            "column": 5
          }
        },
        "type": "if",
        "locations": [
          {
            "start": {
              "line": 40,
              "column": 4
            },
            "end": {
              "line": 42,
              "column": 5
            }
          },
          {
            "start": {
              "line": 40,
              "column": 4
            },
            "end": {
              "line": 42,
              "column": 5
            }
          }
        ],
        "line": 40
      }
    },
    "s": {
      "0": 5,
      "1": 4,
      "2": 5,
      "3": 3,
      "4": 3,
      "5": 0,
      "6": 5,
      "7": 80,
      "8": 80,
      "9": 80,
      "10": 0,
      "11": 80,
      "12": 80,
      "13": 80,
      "14": 0,
      "15": 5,
      "16": 78,
      "17": 78,
      "18": 78,
      "19": 78,
      "20": 3,
      "21": 75,
      "22": 75,
      "23": 3
    },
    "f": {
      "0": 4,
      "1": 3,
      "2": 80,
      "3": 78
    },
    "b": {
      "0": [
        0,
        80
      ],
      "1": [
        80,
        0
      ],
      "2": [
        3,
        75
      ]
    },
    "_coverageSchema": "1a1c01bbd47fc00a2c39e90264f33305004495a9",
    "hash": "7cc758e6dcc80b0202b970224745add665d13fdf"
  },
  "/Users/raghammer/Desktop/COMP6080/ass4/presto/frontend/src/zustandStore/useCurrentUserStore.js": {
    "path": "/Users/raghammer/Desktop/COMP6080/ass4/presto/frontend/src/zustandStore/useCurrentUserStore.js",
    "statementMap": {
      "0": {
        "start": {
          "line": 10,
          "column": 28
        },
        "end": {
          "line": 18,
          "column": 3
        }
      },
      "1": {
        "start": {
          "line": 10,
          "column": 45
        },
        "end": {
          "line": 18,
          "column": 1
        }
      },
      "2": {
        "start": {
          "line": 12,
          "column": 35
        },
        "end": {
          "line": 12,
          "column": 68
        }
      },
      "3": {
        "start": {
          "line": 13,
          "column": 26
        },
        "end": {
          "line": 13,
          "column": 71
        }
      },
      "4": {
        "start": {
          "line": 15,
          "column": 4
        },
        "end": {
          "line": 17,
          "column": 7
        }
      },
      "5": {
        "start": {
          "line": 15,
          "column": 20
        },
        "end": {
          "line": 17,
          "column": 5
        }
      }
    },
    "fnMap": {
      "0": {
        "name": "(anonymous_0)",
        "decl": {
          "start": {
            "line": 10,
            "column": 35
          },
          "end": {
            "line": 10,
            "column": 36
          }
        },
        "loc": {
          "start": {
            "line": 10,
            "column": 45
          },
          "end": {
            "line": 18,
            "column": 1
          }
        },
        "line": 10
      },
      "1": {
        "name": "(anonymous_1)",
        "decl": {
          "start": {
            "line": 12,
            "column": 18
          },
          "end": {
            "line": 12,
            "column": 19
          }
        },
        "loc": {
          "start": {
            "line": 12,
            "column": 35
          },
          "end": {
            "line": 12,
            "column": 68
          }
        },
        "line": 12
      },
      "2": {
        "name": "(anonymous_2)",
        "decl": {
          "start": {
            "line": 13,
            "column": 20
          },
          "end": {
            "line": 13,
            "column": 21
          }
        },
        "loc": {
          "start": {
            "line": 13,
            "column": 26
          },
          "end": {
            "line": 13,
            "column": 71
          }
        },
        "line": 13
      },
      "3": {
        "name": "(anonymous_3)",
        "decl": {
          "start": {
            "line": 14,
            "column": 25
          },
          "end": {
            "line": 14,
            "column": 26
          }
        },
        "loc": {
          "start": {
            "line": 15,
            "column": 4
          },
          "end": {
            "line": 17,
            "column": 7
          }
        },
        "line": 15
      },
      "4": {
        "name": "(anonymous_4)",
        "decl": {
          "start": {
            "line": 15,
            "column": 8
          },
          "end": {
            "line": 15,
            "column": 9
          }
        },
        "loc": {
          "start": {
            "line": 15,
            "column": 20
          },
          "end": {
            "line": 17,
            "column": 5
          }
        },
        "line": 15
      }
    },
    "branchMap": {},
    "s": {
      "0": 5,
      "1": 5,
      "2": 6,
      "3": 3,
      "4": 0,
      "5": 0
    },
    "f": {
      "0": 5,
      "1": 6,
      "2": 3,
      "3": 0,
      "4": 0
    },
    "b": {},
    "_coverageSchema": "1a1c01bbd47fc00a2c39e90264f33305004495a9",
    "hash": "4c19352717c4d313185848ad96ee28b514ca436d"
  },
  "/Users/raghammer/Desktop/COMP6080/ass4/presto/frontend/src/components/AlertError.js": {
    "path": "/Users/raghammer/Desktop/COMP6080/ass4/presto/frontend/src/components/AlertError.js",
    "statementMap": {
      "0": {
        "start": {
          "line": 8,
          "column": 21
        },
        "end": {
          "line": 8,
          "column": 36
        }
      },
      "1": {
        "start": {
          "line": 10,
          "column": 18
        },
        "end": {
          "line": 14,
          "column": 3
        }
      },
      "2": {
        "start": {
          "line": 10,
          "column": 41
        },
        "end": {
          "line": 14,
          "column": 1
        }
      },
      "3": {
        "start": {
          "line": 12,
          "column": 32
        },
        "end": {
          "line": 12,
          "column": 75
        }
      },
      "4": {
        "start": {
          "line": 16,
          "column": 24
        },
        "end": {
          "line": 16,
          "column": 54
        }
      },
      "5": {
        "start": {
          "line": 16,
          "column": 30
        },
        "end": {
          "line": 16,
          "column": 54
        }
      },
      "6": {
        "start": {
          "line": 18,
          "column": 29
        },
        "end": {
          "line": 76,
          "column": 1
        }
      },
      "7": {
        "start": {
          "line": 19,
          "column": 38
        },
        "end": {
          "line": 23,
          "column": 4
        }
      },
      "8": {
        "start": {
          "line": 25,
          "column": 22
        },
        "end": {
          "line": 25,
          "column": 32
        }
      },
      "9": {
        "start": {
          "line": 26,
          "column": 18
        },
        "end": {
          "line": 26,
          "column": 40
        }
      },
      "10": {
        "start": {
          "line": 28,
          "column": 20
        },
        "end": {
          "line": 34,
          "column": 3
        }
      },
      "11": {
        "start": {
          "line": 29,
          "column": 4
        },
        "end": {
          "line": 33,
          "column": 7
        }
      },
      "12": {
        "start": {
          "line": 36,
          "column": 22
        },
        "end": {
          "line": 44,
          "column": 3
        }
      },
      "13": {
        "start": {
          "line": 37,
          "column": 4
        },
        "end": {
          "line": 39,
          "column": 5
        }
      },
      "14": {
        "start": {
          "line": 38,
          "column": 6
        },
        "end": {
          "line": 38,
          "column": 13
        }
      },
      "15": {
        "start": {
          "line": 40,
          "column": 4
        },
        "end": {
          "line": 43,
          "column": 8
        }
      },
      "16": {
        "start": {
          "line": 40,
          "column": 34
        },
        "end": {
          "line": 43,
          "column": 5
        }
      },
      "17": {
        "start": {
          "line": 46,
          "column": 2
        },
        "end": {
          "line": 75,
          "column": 4
        }
      }
    },
    "fnMap": {
      "0": {
        "name": "(anonymous_0)",
        "decl": {
          "start": {
            "line": 10,
            "column": 29
          },
          "end": {
            "line": 10,
            "column": 30
          }
        },
        "loc": {
          "start": {
            "line": 10,
            "column": 41
          },
          "end": {
            "line": 14,
            "column": 1
          }
        },
        "line": 10
      },
      "1": {
        "name": "(anonymous_1)",
        "decl": {
          "start": {
            "line": 12,
            "column": 21
          },
          "end": {
            "line": 12,
            "column": 22
          }
        },
        "loc": {
          "start": {
            "line": 12,
            "column": 32
          },
          "end": {
            "line": 12,
            "column": 75
          }
        },
        "line": 12
      },
      "2": {
        "name": "(anonymous_2)",
        "decl": {
          "start": {
            "line": 16,
            "column": 24
          },
          "end": {
            "line": 16,
            "column": 25
          }
        },
        "loc": {
          "start": {
            "line": 16,
            "column": 30
          },
          "end": {
            "line": 16,
            "column": 54
          }
        },
        "line": 16
      },
      "3": {
        "name": "(anonymous_3)",
        "decl": {
          "start": {
            "line": 18,
            "column": 29
          },
          "end": {
            "line": 18,
            "column": 30
          }
        },
        "loc": {
          "start": {
            "line": 18,
            "column": 47
          },
          "end": {
            "line": 76,
            "column": 1
          }
        },
        "line": 18
      },
      "4": {
        "name": "(anonymous_4)",
        "decl": {
          "start": {
            "line": 28,
            "column": 20
          },
          "end": {
            "line": 28,
            "column": 21
          }
        },
        "loc": {
          "start": {
            "line": 28,
            "column": 54
          },
          "end": {
            "line": 34,
            "column": 3
          }
        },
        "line": 28
      },
      "5": {
        "name": "(anonymous_5)",
        "decl": {
          "start": {
            "line": 36,
            "column": 22
          },
          "end": {
            "line": 36,
            "column": 23
          }
        },
        "loc": {
          "start": {
            "line": 36,
            "column": 41
          },
          "end": {
            "line": 44,
            "column": 3
          }
        },
        "line": 36
      },
      "6": {
        "name": "(anonymous_6)",
        "decl": {
          "start": {
            "line": 40,
            "column": 18
          },
          "end": {
            "line": 40,
            "column": 19
          }
        },
        "loc": {
          "start": {
            "line": 40,
            "column": 34
          },
          "end": {
            "line": 43,
            "column": 5
          }
        },
        "line": 40
      }
    },
    "branchMap": {
      "0": {
        "loc": {
          "start": {
            "line": 12,
            "column": 32
          },
          "end": {
            "line": 12,
            "column": 75
          }
        },
        "type": "binary-expr",
        "locations": [
          {
            "start": {
              "line": 12,
              "column": 32
            },
            "end": {
              "line": 12,
              "column": 45
            }
          },
          {
            "start": {
              "line": 12,
              "column": 49
            },
            "end": {
              "line": 12,
              "column": 75
            }
          }
        ],
        "line": 12
      },
      "1": {
        "loc": {
          "start": {
            "line": 28,
            "column": 30
          },
          "end": {
            "line": 28,
            "column": 49
          }
        },
        "type": "default-arg",
        "locations": [
          {
            "start": {
              "line": 28,
              "column": 40
            },
            "end": {
              "line": 28,
              "column": 49
            }
          }
        ],
        "line": 28
      },
      "2": {
        "loc": {
          "start": {
            "line": 37,
            "column": 4
          },
          "end": {
            "line": 39,
            "column": 5
          }
        },
        "type": "if",
        "locations": [
          {
            "start": {
              "line": 37,
              "column": 4
            },
            "end": {
              "line": 39,
              "column": 5
            }
          },
          {
            "start": {
              "line": 37,
              "column": 4
            },
            "end": {
              "line": 39,
              "column": 5
            }
          }
        ],
        "line": 37
      }
    },
    "s": {
      "0": 5,
      "1": 5,
      "2": 5,
      "3": 33,
      "4": 5,
      "5": 2428,
      "6": 5,
      "7": 46,
      "8": 46,
      "9": 46,
      "10": 46,
      "11": 17,
      "12": 46,
      "13": 155,
      "14": 154,
      "15": 1,
      "16": 1,
      "17": 46
    },
    "f": {
      "0": 5,
      "1": 33,
      "2": 2428,
      "3": 46,
      "4": 17,
      "5": 155,
      "6": 1
    },
    "b": {
      "0": [
        33,
        0
      ],
      "1": [
        0
      ],
      "2": [
        154,
        1
      ]
    },
    "_coverageSchema": "1a1c01bbd47fc00a2c39e90264f33305004495a9",
    "hash": "b5c1c6cecaf2cd8683b2d93c3769b50a70b5a955"
  },
  "/Users/raghammer/Desktop/COMP6080/ass4/presto/frontend/src/authPages/loginPage/Login.js": {
    "path": "/Users/raghammer/Desktop/COMP6080/ass4/presto/frontend/src/authPages/loginPage/Login.js",
    "statementMap": {
      "0": {
        "start": {
          "line": 12,
          "column": 14
        },
        "end": {
          "line": 68,
          "column": 1
        }
      },
      "1": {
        "start": {
          "line": 13,
          "column": 26
        },
        "end": {
          "line": 13,
          "column": 38
        }
      },
      "2": {
        "start": {
          "line": 14,
          "column": 34
        },
        "end": {
          "line": 14,
          "column": 46
        }
      },
      "3": {
        "start": {
          "line": 15,
          "column": 40
        },
        "end": {
          "line": 15,
          "column": 55
        }
      },
      "4": {
        "start": {
          "line": 16,
          "column": 24
        },
        "end": {
          "line": 16,
          "column": 34
        }
      },
      "5": {
        "start": {
          "line": 18,
          "column": 29
        },
        "end": {
          "line": 18,
          "column": 50
        }
      },
      "6": {
        "start": {
          "line": 20,
          "column": 14
        },
        "end": {
          "line": 20,
          "column": 27
        }
      },
      "7": {
        "start": {
          "line": 22,
          "column": 2
        },
        "end": {
          "line": 24,
          "column": 39
        }
      },
      "8": {
        "start": {
          "line": 23,
          "column": 4
        },
        "end": {
          "line": 23,
          "column": 58
        }
      },
      "9": {
        "start": {
          "line": 26,
          "column": 30
        },
        "end": {
          "line": 48,
          "column": 22
        }
      },
      "10": {
        "start": {
          "line": 27,
          "column": 4
        },
        "end": {
          "line": 47,
          "column": 5
        }
      },
      "11": {
        "start": {
          "line": 28,
          "column": 23
        },
        "end": {
          "line": 28,
          "column": 61
        }
      },
      "12": {
        "start": {
          "line": 29,
          "column": 20
        },
        "end": {
          "line": 29,
          "column": 39
        }
      },
      "13": {
        "start": {
          "line": 30,
          "column": 6
        },
        "end": {
          "line": 30,
          "column": 43
        }
      },
      "14": {
        "start": {
          "line": 32,
          "column": 6
        },
        "end": {
          "line": 32,
          "column": 48
        }
      },
      "15": {
        "start": {
          "line": 33,
          "column": 6
        },
        "end": {
          "line": 33,
          "column": 41
        }
      },
      "16": {
        "start": {
          "line": 35,
          "column": 6
        },
        "end": {
          "line": 35,
          "column": 24
        }
      },
      "17": {
        "start": {
          "line": 37,
          "column": 6
        },
        "end": {
          "line": 46,
          "column": 7
        }
      },
      "18": {
        "start": {
          "line": 38,
          "column": 8
        },
        "end": {
          "line": 38,
          "column": 56
        }
      },
      "19": {
        "start": {
          "line": 40,
          "column": 10
        },
        "end": {
          "line": 40,
          "column": 69
        }
      },
      "20": {
        "start": {
          "line": 41,
          "column": 8
        },
        "end": {
          "line": 41,
          "column": 42
        }
      },
      "21": {
        "start": {
          "line": 42,
          "column": 13
        },
        "end": {
          "line": 46,
          "column": 7
        }
      },
      "22": {
        "start": {
          "line": 43,
          "column": 8
        },
        "end": {
          "line": 43,
          "column": 53
        }
      },
      "23": {
        "start": {
          "line": 45,
          "column": 8
        },
        "end": {
          "line": 45,
          "column": 44
        }
      },
      "24": {
        "start": {
          "line": 50,
          "column": 2
        },
        "end": {
          "line": 67,
          "column": 4
        }
      }
    },
    "fnMap": {
      "0": {
        "name": "(anonymous_0)",
        "decl": {
          "start": {
            "line": 12,
            "column": 14
          },
          "end": {
            "line": 12,
            "column": 15
          }
        },
        "loc": {
          "start": {
            "line": 12,
            "column": 20
          },
          "end": {
            "line": 68,
            "column": 1
          }
        },
        "line": 12
      },
      "1": {
        "name": "(anonymous_1)",
        "decl": {
          "start": {
            "line": 22,
            "column": 12
          },
          "end": {
            "line": 22,
            "column": 13
          }
        },
        "loc": {
          "start": {
            "line": 22,
            "column": 18
          },
          "end": {
            "line": 24,
            "column": 3
          }
        },
        "line": 22
      },
      "2": {
        "name": "(anonymous_2)",
        "decl": {
          "start": {
            "line": 26,
            "column": 42
          },
          "end": {
            "line": 26,
            "column": 43
          }
        },
        "loc": {
          "start": {
            "line": 26,
            "column": 54
          },
          "end": {
            "line": 48,
            "column": 3
          }
        },
        "line": 26
      }
    },
    "branchMap": {
      "0": {
        "loc": {
          "start": {
            "line": 37,
            "column": 6
          },
          "end": {
            "line": 46,
            "column": 7
          }
        },
        "type": "if",
        "locations": [
          {
            "start": {
              "line": 37,
              "column": 6
            },
            "end": {
              "line": 46,
              "column": 7
            }
          },
          {
            "start": {
              "line": 37,
              "column": 6
            },
            "end": {
              "line": 46,
              "column": 7
            }
          }
        ],
        "line": 37
      },
      "1": {
        "loc": {
          "start": {
            "line": 40,
            "column": 10
          },
          "end": {
            "line": 40,
            "column": 69
          }
        },
        "type": "binary-expr",
        "locations": [
          {
            "start": {
              "line": 40,
              "column": 10
            },
            "end": {
              "line": 40,
              "column": 35
            }
          },
          {
            "start": {
              "line": 40,
              "column": 39
            },
            "end": {
              "line": 40,
              "column": 69
            }
          }
        ],
        "line": 40
      },
      "2": {
        "loc": {
          "start": {
            "line": 42,
            "column": 13
          },
          "end": {
            "line": 46,
            "column": 7
          }
        },
        "type": "if",
        "locations": [
          {
            "start": {
              "line": 42,
              "column": 13
            },
            "end": {
              "line": 46,
              "column": 7
            }
          },
          {
            "start": {
              "line": 42,
              "column": 13
            },
            "end": {
              "line": 46,
              "column": 7
            }
          }
        ],
        "line": 42
      }
    },
    "s": {
      "0": 5,
      "1": 634,
      "2": 634,
      "3": 634,
      "4": 634,
      "5": 634,
      "6": 634,
      "7": 634,
      "8": 164,
      "9": 634,
      "10": 4,
      "11": 4,
      "12": 3,
      "13": 3,
      "14": 3,
      "15": 3,
      "16": 3,
      "17": 1,
      "18": 1,
      "19": 1,
      "20": 1,
      "21": 0,
      "22": 0,
      "23": 0,
      "24": 634
    },
    "f": {
      "0": 634,
      "1": 164,
      "2": 4
    },
    "b": {
      "0": [
        1,
        0
      ],
      "1": [
        1,
        0
      ],
      "2": [
        0,
        0
      ]
    },
    "_coverageSchema": "1a1c01bbd47fc00a2c39e90264f33305004495a9",
    "hash": "e5f754564dcfb595310dd03bd2668a979f418dad"
  },
  "/Users/raghammer/Desktop/COMP6080/ass4/presto/frontend/src/authPages/registerPage/RegisterPageInputs.js": {
    "path": "/Users/raghammer/Desktop/COMP6080/ass4/presto/frontend/src/authPages/registerPage/RegisterPageInputs.js",
    "statementMap": {
      "0": {
        "start": {
          "line": 4,
          "column": 27
        },
        "end": {
          "line": 51,
          "column": 1
        }
      },
      "1": {
        "start": {
          "line": 14,
          "column": 6
        },
        "end": {
          "line": 14,
          "column": 11
        }
      },
      "2": {
        "start": {
          "line": 15,
          "column": 2
        },
        "end": {
          "line": 50,
          "column": 4
        }
      }
    },
    "fnMap": {
      "0": {
        "name": "(anonymous_0)",
        "decl": {
          "start": {
            "line": 4,
            "column": 27
          },
          "end": {
            "line": 4,
            "column": 28
          }
        },
        "loc": {
          "start": {
            "line": 4,
            "column": 38
          },
          "end": {
            "line": 51,
            "column": 1
          }
        },
        "line": 4
      }
    },
    "branchMap": {},
    "s": {
      "0": 5,
      "1": 774,
      "2": 774
    },
    "f": {
      "0": 774
    },
    "b": {},
    "_coverageSchema": "1a1c01bbd47fc00a2c39e90264f33305004495a9",
    "hash": "63737ac6edceaf0a100e268f4c53eb2b9da58576"
  },
  "/Users/raghammer/Desktop/COMP6080/ass4/presto/frontend/src/authPages/registerPage/RegisterPageFooter.js": {
    "path": "/Users/raghammer/Desktop/COMP6080/ass4/presto/frontend/src/authPages/registerPage/RegisterPageFooter.js",
    "statementMap": {
      "0": {
        "start": {
          "line": 7,
          "column": 27
        },
        "end": {
          "line": 43,
          "column": 1
        }
      },
      "1": {
        "start": {
          "line": 8,
          "column": 14
        },
        "end": {
          "line": 8,
          "column": 27
        }
      },
      "2": {
        "start": {
          "line": 10,
          "column": 32
        },
        "end": {
          "line": 12,
          "column": 3
        }
      },
      "3": {
        "start": {
          "line": 11,
          "column": 4
        },
        "end": {
          "line": 11,
          "column": 18
        }
      },
      "4": {
        "start": {
          "line": 14,
          "column": 26
        },
        "end": {
          "line": 16,
          "column": 3
        }
      },
      "5": {
        "start": {
          "line": 15,
          "column": 4
        },
        "end": {
          "line": 15,
          "column": 31
        }
      },
      "6": {
        "start": {
          "line": 18,
          "column": 23
        },
        "end": {
          "line": 20,
          "column": 3
        }
      },
      "7": {
        "start": {
          "line": 19,
          "column": 4
        },
        "end": {
          "line": 19,
          "column": 31
        }
      },
      "8": {
        "start": {
          "line": 22,
          "column": 2
        },
        "end": {
          "line": 42,
          "column": 4
        }
      }
    },
    "fnMap": {
      "0": {
        "name": "(anonymous_0)",
        "decl": {
          "start": {
            "line": 7,
            "column": 27
          },
          "end": {
            "line": 7,
            "column": 28
          }
        },
        "loc": {
          "start": {
            "line": 7,
            "column": 64
          },
          "end": {
            "line": 43,
            "column": 1
          }
        },
        "line": 7
      },
      "1": {
        "name": "(anonymous_1)",
        "decl": {
          "start": {
            "line": 10,
            "column": 32
          },
          "end": {
            "line": 10,
            "column": 33
          }
        },
        "loc": {
          "start": {
            "line": 10,
            "column": 38
          },
          "end": {
            "line": 12,
            "column": 3
          }
        },
        "line": 10
      },
      "2": {
        "name": "(anonymous_2)",
        "decl": {
          "start": {
            "line": 14,
            "column": 26
          },
          "end": {
            "line": 14,
            "column": 27
          }
        },
        "loc": {
          "start": {
            "line": 14,
            "column": 32
          },
          "end": {
            "line": 16,
            "column": 3
          }
        },
        "line": 14
      },
      "3": {
        "name": "(anonymous_3)",
        "decl": {
          "start": {
            "line": 18,
            "column": 23
          },
          "end": {
            "line": 18,
            "column": 24
          }
        },
        "loc": {
          "start": {
            "line": 18,
            "column": 29
          },
          "end": {
            "line": 20,
            "column": 3
          }
        },
        "line": 18
      }
    },
    "branchMap": {
      "0": {
        "loc": {
          "start": {
            "line": 24,
            "column": 22
          },
          "end": {
            "line": 24,
            "column": 77
          }
        },
        "type": "cond-expr",
        "locations": [
          {
            "start": {
              "line": 24,
              "column": 43
            },
            "end": {
              "line": 24,
              "column": 60
            }
          },
          {
            "start": {
              "line": 24,
              "column": 63
            },
            "end": {
              "line": 24,
              "column": 77
            }
          }
        ],
        "line": 24
      }
    },
    "s": {
      "0": 5,
      "1": 774,
      "2": 774,
      "3": 0,
      "4": 774,
      "5": 762,
      "6": 774,
      "7": 12,
      "8": 774
    },
    "f": {
      "0": 774,
      "1": 0,
      "2": 762,
      "3": 12
    },
    "b": {
      "0": [
        762,
        12
      ]
    },
    "_coverageSchema": "1a1c01bbd47fc00a2c39e90264f33305004495a9",
    "hash": "a05bceb0c44f4eada0d1b140a0a42545357c82ac"
  },
  "/Users/raghammer/Desktop/COMP6080/ass4/presto/frontend/src/authPages/registerPage/RegisterPage.js": {
    "path": "/Users/raghammer/Desktop/COMP6080/ass4/presto/frontend/src/authPages/registerPage/RegisterPage.js",
    "statementMap": {
      "0": {
        "start": {
          "line": 12,
          "column": 21
        },
        "end": {
          "line": 94,
          "column": 1
        }
      },
      "1": {
        "start": {
          "line": 13,
          "column": 26
        },
        "end": {
          "line": 13,
          "column": 38
        }
      },
      "2": {
        "start": {
          "line": 14,
          "column": 34
        },
        "end": {
          "line": 14,
          "column": 46
        }
      },
      "3": {
        "start": {
          "line": 15,
          "column": 34
        },
        "end": {
          "line": 15,
          "column": 46
        }
      },
      "4": {
        "start": {
          "line": 16,
          "column": 44
        },
        "end": {
          "line": 16,
          "column": 56
        }
      },
      "5": {
        "start": {
          "line": 17,
          "column": 24
        },
        "end": {
          "line": 17,
          "column": 34
        }
      },
      "6": {
        "start": {
          "line": 19,
          "column": 40
        },
        "end": {
          "line": 19,
          "column": 54
        }
      },
      "7": {
        "start": {
          "line": 21,
          "column": 29
        },
        "end": {
          "line": 21,
          "column": 50
        }
      },
      "8": {
        "start": {
          "line": 23,
          "column": 14
        },
        "end": {
          "line": 23,
          "column": 27
        }
      },
      "9": {
        "start": {
          "line": 25,
          "column": 2
        },
        "end": {
          "line": 29,
          "column": 64
        }
      },
      "10": {
        "start": {
          "line": 26,
          "column": 4
        },
        "end": {
          "line": 28,
          "column": 6
        }
      },
      "11": {
        "start": {
          "line": 31,
          "column": 25
        },
        "end": {
          "line": 71,
          "column": 64
        }
      },
      "12": {
        "start": {
          "line": 32,
          "column": 4
        },
        "end": {
          "line": 70,
          "column": 5
        }
      },
      "13": {
        "start": {
          "line": 33,
          "column": 23
        },
        "end": {
          "line": 37,
          "column": 8
        }
      },
      "14": {
        "start": {
          "line": 39,
          "column": 6
        },
        "end": {
          "line": 52,
          "column": 7
        }
      },
      "15": {
        "start": {
          "line": 40,
          "column": 22
        },
        "end": {
          "line": 40,
          "column": 41
        }
      },
      "16": {
        "start": {
          "line": 41,
          "column": 8
        },
        "end": {
          "line": 41,
          "column": 45
        }
      },
      "17": {
        "start": {
          "line": 42,
          "column": 8
        },
        "end": {
          "line": 42,
          "column": 56
        }
      },
      "18": {
        "start": {
          "line": 44,
          "column": 8
        },
        "end": {
          "line": 49,
          "column": 10
        }
      },
      "19": {
        "start": {
          "line": 51,
          "column": 8
        },
        "end": {
          "line": 51,
          "column": 26
        }
      },
      "20": {
        "start": {
          "line": 54,
          "column": 6
        },
        "end": {
          "line": 69,
          "column": 7
        }
      },
      "21": {
        "start": {
          "line": 55,
          "column": 8
        },
        "end": {
          "line": 55,
          "column": 56
        }
      },
      "22": {
        "start": {
          "line": 57,
          "column": 10
        },
        "end": {
          "line": 58,
          "column": 50
        }
      },
      "23": {
        "start": {
          "line": 59,
          "column": 8
        },
        "end": {
          "line": 59,
          "column": 42
        }
      },
      "24": {
        "start": {
          "line": 60,
          "column": 13
        },
        "end": {
          "line": 69,
          "column": 7
        }
      },
      "25": {
        "start": {
          "line": 61,
          "column": 8
        },
        "end": {
          "line": 61,
          "column": 53
        }
      },
      "26": {
        "start": {
          "line": 62,
          "column": 8
        },
        "end": {
          "line": 65,
          "column": 10
        }
      },
      "27": {
        "start": {
          "line": 67,
          "column": 8
        },
        "end": {
          "line": 67,
          "column": 44
        }
      },
      "28": {
        "start": {
          "line": 68,
          "column": 8
        },
        "end": {
          "line": 68,
          "column": 79
        }
      },
      "29": {
        "start": {
          "line": 73,
          "column": 2
        },
        "end": {
          "line": 93,
          "column": 4
        }
      }
    },
    "fnMap": {
      "0": {
        "name": "(anonymous_0)",
        "decl": {
          "start": {
            "line": 12,
            "column": 21
          },
          "end": {
            "line": 12,
            "column": 22
          }
        },
        "loc": {
          "start": {
            "line": 12,
            "column": 27
          },
          "end": {
            "line": 94,
            "column": 1
          }
        },
        "line": 12
      },
      "1": {
        "name": "(anonymous_1)",
        "decl": {
          "start": {
            "line": 25,
            "column": 12
          },
          "end": {
            "line": 25,
            "column": 13
          }
        },
        "loc": {
          "start": {
            "line": 25,
            "column": 18
          },
          "end": {
            "line": 29,
            "column": 3
          }
        },
        "line": 25
      },
      "2": {
        "name": "(anonymous_2)",
        "decl": {
          "start": {
            "line": 31,
            "column": 37
          },
          "end": {
            "line": 31,
            "column": 38
          }
        },
        "loc": {
          "start": {
            "line": 31,
            "column": 49
          },
          "end": {
            "line": 71,
            "column": 3
          }
        },
        "line": 31
      }
    },
    "branchMap": {
      "0": {
        "loc": {
          "start": {
            "line": 39,
            "column": 6
          },
          "end": {
            "line": 52,
            "column": 7
          }
        },
        "type": "if",
        "locations": [
          {
            "start": {
              "line": 39,
              "column": 6
            },
            "end": {
              "line": 52,
              "column": 7
            }
          },
          {
            "start": {
              "line": 39,
              "column": 6
            },
            "end": {
              "line": 52,
              "column": 7
            }
          }
        ],
        "line": 39
      },
      "1": {
        "loc": {
          "start": {
            "line": 54,
            "column": 6
          },
          "end": {
            "line": 69,
            "column": 7
          }
        },
        "type": "if",
        "locations": [
          {
            "start": {
              "line": 54,
              "column": 6
            },
            "end": {
              "line": 69,
              "column": 7
            }
          },
          {
            "start": {
              "line": 54,
              "column": 6
            },
            "end": {
              "line": 69,
              "column": 7
            }
          }
        ],
        "line": 54
      },
      "2": {
        "loc": {
          "start": {
            "line": 57,
            "column": 10
          },
          "end": {
            "line": 58,
            "column": 50
          }
        },
        "type": "binary-expr",
        "locations": [
          {
            "start": {
              "line": 57,
              "column": 10
            },
            "end": {
              "line": 57,
              "column": 37
            }
          },
          {
            "start": {
              "line": 58,
              "column": 10
            },
            "end": {
              "line": 58,
              "column": 50
            }
          }
        ],
        "line": 57
      },
      "3": {
        "loc": {
          "start": {
            "line": 60,
            "column": 13
          },
          "end": {
            "line": 69,
            "column": 7
          }
        },
        "type": "if",
        "locations": [
          {
            "start": {
              "line": 60,
              "column": 13
            },
            "end": {
              "line": 69,
              "column": 7
            }
          },
          {
            "start": {
              "line": 60,
              "column": 13
            },
            "end": {
              "line": 69,
              "column": 7
            }
          }
        ],
        "line": 60
      }
    },
    "s": {
      "0": 5,
      "1": 774,
      "2": 774,
      "3": 774,
      "4": 774,
      "5": 774,
      "6": 774,
      "7": 774,
      "8": 774,
      "9": 774,
      "10": 195,
      "11": 774,
      "12": 3,
      "13": 3,
      "14": 3,
      "15": 3,
      "16": 3,
      "17": 3,
      "18": 3,
      "19": 3,
      "20": 0,
      "21": 0,
      "22": 0,
      "23": 0,
      "24": 0,
      "25": 0,
      "26": 0,
      "27": 0,
      "28": 0,
      "29": 774
    },
    "f": {
      "0": 774,
      "1": 195,
      "2": 3
    },
    "b": {
      "0": [
        3,
        0
      ],
      "1": [
        0,
        0
      ],
      "2": [
        0,
        0
      ],
      "3": [
        0,
        0
      ]
    },
    "_coverageSchema": "1a1c01bbd47fc00a2c39e90264f33305004495a9",
    "hash": "f2115ecacf68f01e3106c02f72d1afbefe5ed3e6"
  },
  "/Users/raghammer/Desktop/COMP6080/ass4/presto/frontend/src/zustandStore/usePresentationListStore.js": {
    "path": "/Users/raghammer/Desktop/COMP6080/ass4/presto/frontend/src/zustandStore/usePresentationListStore.js",
    "statementMap": {
      "0": {
        "start": {
          "line": 11,
          "column": 34
        },
        "end": {
          "line": 32,
          "column": 3
        }
      },
      "1": {
        "start": {
          "line": 11,
          "column": 46
        },
        "end": {
          "line": 32,
          "column": 3
        }
      },
      "2": {
        "start": {
          "line": 12,
          "column": 2
        },
        "end": {
          "line": 32,
[...]
          "end": {
            "line": 58,
            "column": 3
          }
        },
        "line": 44
      },
      "7": {
        "name": "(anonymous_7)",
        "decl": {
          "start": {
            "line": 62,
            "column": 35
          },
          "end": {
            "line": 62,
            "column": 36
          }
        },
        "loc": {
          "start": {
            "line": 62,
            "column": 41
          },
          "end": {
            "line": 68,
            "column": 3
          }
        },
        "line": 62
      }
    },
    "branchMap": {
      "0": {
        "loc": {
          "start": {
            "line": 35,
            "column": 4
          },
          "end": {
            "line": 40,
            "column": 5
          }
        },
        "type": "if",
        "locations": [
          {
            "start": {
              "line": 35,
              "column": 4
            },
            "end": {
              "line": 40,
              "column": 5
            }
          },
          {
            "start": {
              "line": 35,
              "column": 4
            },
            "end": {
              "line": 40,
              "column": 5
            }
          }
        ],
        "line": 35
      },
      "1": {
        "loc": {
          "start": {
            "line": 36,
            "column": 6
          },
          "end": {
            "line": 37,
            "column": 60
          }
        },
        "type": "binary-expr",
        "locations": [
          {
            "start": {
              "line": 36,
              "column": 6
            },
            "end": {
              "line": 36,
              "column": 20
            }
          },
          {
            "start": {
              "line": 37,
              "column": 6
            },
            "end": {
              "line": 37,
              "column": 60
            }
          }
        ],
        "line": 36
      },
      "2": {
        "loc": {
          "start": {
            "line": 39,
            "column": 23
          },
          "end": {
            "line": 39,
            "column": 40
          }
        },
        "type": "binary-expr",
        "locations": [
          {
            "start": {
              "line": 39,
              "column": 23
            },
            "end": {
              "line": 39,
              "column": 32
            }
          },
          {
            "start": {
              "line": 39,
              "column": 36
            },
            "end": {
              "line": 39,
              "column": 40
            }
          }
        ],
        "line": 39
      },
      "3": {
        "loc": {
          "start": {
            "line": 46,
            "column": 4
          },
          "end": {
            "line": 49,
            "column": 5
          }
        },
        "type": "if",
        "locations": [
          {
            "start": {
              "line": 46,
              "column": 4
            },
            "end": {
              "line": 49,
              "column": 5
            }
          },
          {
            "start": {
              "line": 46,
              "column": 4
            },
            "end": {
              "line": 49,
              "column": 5
            }
          }
        ],
        "line": 46
      },
      "4": {
        "loc": {
          "start": {
            "line": 50,
            "column": 4
          },
          "end": {
            "line": 56,
            "column": 5
          }
        },
        "type": "if",
        "locations": [
          {
            "start": {
              "line": 50,
              "column": 4
            },
            "end": {
              "line": 56,
              "column": 5
            }
          },
          {
            "start": {
              "line": 50,
              "column": 4
            },
            "end": {
              "line": 56,
              "column": 5
            }
          }
        ],
        "line": 50
      },
      "5": {
        "loc": {
          "start": {
            "line": 51,
            "column": 6
          },
          "end": {
            "line": 55,
            "column": 7
          }
        },
        "type": "if",
        "locations": [
          {
            "start": {
              "line": 51,
              "column": 6
            },
            "end": {
              "line": 55,
              "column": 7
            }
          },
          {
            "start": {
              "line": 51,
              "column": 6
            },
            "end": {
              "line": 55,
              "column": 7
            }
          }
        ],
        "line": 51
      },
      "6": {
        "loc": {
          "start": {
            "line": 51,
            "column": 10
          },
          "end": {
            "line": 51,
            "column": 54
          }
        },
        "type": "binary-expr",
        "locations": [
          {
            "start": {
              "line": 51,
              "column": 10
            },
            "end": {
              "line": 51,
              "column": 33
            }
          },
          {
            "start": {
              "line": 51,
              "column": 37
            },
            "end": {
              "line": 51,
              "column": 54
            }
          }
        ],
        "line": 51
      },
      "7": {
        "loc": {
          "start": {
            "line": 53,
            "column": 13
          },
          "end": {
            "line": 55,
            "column": 7
          }
        },
        "type": "if",
        "locations": [
          {
            "start": {
              "line": 53,
              "column": 13
            },
            "end": {
              "line": 55,
              "column": 7
            }
          },
          {
            "start": {
              "line": 53,
              "column": 13
            },
            "end": {
              "line": 55,
              "column": 7
            }
          }
        ],
        "line": 53
      }
    },
    "s": {
      "0": 5,
      "1": 5,
      "2": 300,
      "3": 403,
      "4": 300,
      "5": 300,
      "6": 300,
      "7": 300,
      "8": 2,
      "9": 300,
      "10": 0,
      "11": 300,
      "12": 300,
      "13": 133,
      "14": 258,
      "15": 0,
      "16": 300,
      "17": 300,
      "18": 17,
      "19": 17,
      "20": 2,
      "21": 2,
      "22": 15,
      "23": 11,
      "24": 9,
      "25": 2,
      "26": 2,
      "27": 15,
      "28": 300,
      "29": 300,
      "30": 1,
      "31": 1,
      "32": 1,
      "33": 1,
      "34": 1,
      "35": 300
    },
    "f": {
      "0": 300,
      "1": 403,
      "2": 2,
      "3": 0,
      "4": 133,
      "5": 258,
      "6": 17,
      "7": 1
    },
    "b": {
      "0": [
        0,
        133
      ],
      "1": [
        133,
        133
      ],
      "2": [
        0,
        0
      ],
      "3": [
        2,
        15
      ],
      "4": [
        11,
        4
      ],
      "5": [
        9,
        2
      ],
      "6": [
        11,
        9
      ],
      "7": [
        2,
        0
      ]
    },
    "_coverageSchema": "1a1c01bbd47fc00a2c39e90264f33305004495a9",
    "hash": "db3610b641e8b577143babd15699f2bb9c2b3a55"
  },
  "/Users/raghammer/Desktop/COMP6080/ass4/presto/frontend/src/PresentationPage/PresentationMainPage.js": {
    "path": "/Users/raghammer/Desktop/COMP6080/ass4/presto/frontend/src/PresentationPage/PresentationMainPage.js",
    "statementMap": {
      "0": {
        "start": {
          "line": 12,
          "column": 16
        },
        "end": {
          "line": 17,
          "column": 2
        }
      },
      "1": {
        "start": {
          "line": 19,
          "column": 25
        },
        "end": {
          "line": 47,
          "column": 1
        }
      },
      "2": {
        "start": {
          "line": 49,
          "column": 27
        },
        "end": {
          "line": 146,
          "column": 1
        }
      },
      "3": {
        "start": {
          "line": 50,
          "column": 17
        },
        "end": {
          "line": 50,
          "column": 28
        }
      },
      "4": {
        "start": {
          "line": 51,
          "column": 14
        },
        "end": {
          "line": 51,
          "column": 27
        }
      },
      "5": {
        "start": {
          "line": 53,
          "column": 26
        },
        "end": {
          "line": 53,
          "column": 41
        }
      },
      "6": {
        "start": {
          "line": 54,
          "column": 21
        },
        "end": {
          "line": 54,
          "column": 40
        }
      },
      "7": {
        "start": {
          "line": 54,
          "column": 27
        },
        "end": {
          "line": 54,
          "column": 40
        }
      },
      "8": {
        "start": {
          "line": 55,
          "column": 22
        },
        "end": {
          "line": 55,
          "column": 42
        }
      },
      "9": {
        "start": {
          "line": 55,
          "column": 28
        },
        "end": {
          "line": 55,
          "column": 42
        }
      },
      "10": {
        "start": {
          "line": 56,
          "column": 24
        },
        "end": {
          "line": 56,
          "column": 34
        }
      },
      "11": {
        "start": {
          "line": 58,
          "column": 34
        },
        "end": {
          "line": 58,
          "column": 49
        }
      },
      "12": {
        "start": {
          "line": 59,
          "column": 25
        },
        "end": {
          "line": 59,
          "column": 48
        }
      },
      "13": {
        "start": {
          "line": 59,
          "column": 31
        },
        "end": {
          "line": 59,
          "column": 48
        }
      },
      "14": {
        "start": {
          "line": 60,
          "column": 26
        },
        "end": {
          "line": 60,
          "column": 50
        }
      },
      "15": {
        "start": {
          "line": 60,
          "column": 32
        },
        "end": {
          "line": 60,
          "column": 50
        }
      },
      "16": {
        "start": {
          "line": 63,
          "column": 4
        },
        "end": {
          "line": 63,
          "column": 30
        }
      },
      "17": {
        "start": {
          "line": 65,
          "column": 23
        },
        "end": {
          "line": 65,
          "column": 61
        }
      },
      "18": {
        "start": {
          "line": 65,
          "column": 49
        },
        "end": {
          "line": 65,
          "column": 60
        }
      },
      "19": {
        "start": {
          "line": 67,
          "column": 28
        },
        "end": {
          "line": 67,
          "column": 60
        }
      },
      "20": {
        "start": {
          "line": 69,
          "column": 35
        },
        "end": {
          "line": 75,
          "column": 3
        }
      },
      "21": {
        "start": {
          "line": 70,
          "column": 4
        },
        "end": {
          "line": 70,
          "column": 26
        }
      },
      "22": {
        "start": {
          "line": 71,
          "column": 4
        },
        "end": {
          "line": 71,
          "column": 19
        }
      },
      "23": {
        "start": {
          "line": 72,
          "column": 4
        },
        "end": {
          "line": 72,
          "column": 30
        }
      },
      "24": {
        "start": {
          "line": 73,
          "column": 4
        },
        "end": {
          "line": 73,
          "column": 61
        }
      },
      "25": {
        "start": {
          "line": 74,
          "column": 4
        },
        "end": {
          "line": 74,
          "column": 22
        }
      },
      "26": {
        "start": {
          "line": 77,
          "column": 23
        },
        "end": {
          "line": 79,
          "column": 3
        }
      },
      "27": {
        "start": {
          "line": 78,
          "column": 4
        },
        "end": {
          "line": 78,
          "column": 22
        }
      },
      "28": {
        "start": {
          "line": 81,
          "column": 38
        },
        "end": {
          "line": 84,
          "column": 13
        }
      },
      "29": {
        "start": {
          "line": 82,
          "column": 4
        },
        "end": {
          "line": 82,
          "column": 52
        }
      },
      "30": {
        "start": {
          "line": 83,
          "column": 4
        },
        "end": {
          "line": 83,
          "column": 22
        }
      },
      "31": {
        "start": {
          "line": 86,
          "column": 2
        },
        "end": {
          "line": 145,
          "column": 4
        }
      }
    },
    "fnMap": {
      "0": {
        "name": "(anonymous_0)",
        "decl": {
          "start": {
            "line": 49,
            "column": 27
          },
          "end": {
            "line": 49,
            "column": 28
          }
        },
        "loc": {
          "start": {
            "line": 49,
            "column": 33
          },
          "end": {
            "line": 146,
            "column": 1
          }
        },
        "line": 49
      },
      "1": {
        "name": "(anonymous_1)",
        "decl": {
          "start": {
            "line": 54,
            "column": 21
          },
          "end": {
            "line": 54,
            "column": 22
          }
        },
        "loc": {
          "start": {
            "line": 54,
            "column": 27
          },
          "end": {
            "line": 54,
            "column": 40
          }
        },
        "line": 54
      },
      "2": {
        "name": "(anonymous_2)",
        "decl": {
          "start": {
            "line": 55,
            "column": 22
          },
          "end": {
            "line": 55,
            "column": 23
          }
        },
        "loc": {
          "start": {
            "line": 55,
            "column": 28
          },
          "end": {
            "line": 55,
            "column": 42
          }
        },
        "line": 55
      },
      "3": {
        "name": "(anonymous_3)",
        "decl": {
          "start": {
            "line": 59,
            "column": 25
          },
          "end": {
            "line": 59,
            "column": 26
          }
        },
        "loc": {
          "start": {
            "line": 59,
            "column": 31
          },
          "end": {
            "line": 59,
            "column": 48
          }
        },
        "line": 59
      },
      "4": {
        "name": "(anonymous_4)",
        "decl": {
          "start": {
            "line": 60,
            "column": 26
          },
          "end": {
            "line": 60,
            "column": 27
          }
        },
        "loc": {
          "start": {
            "line": 60,
            "column": 32
          },
          "end": {
            "line": 60,
            "column": 50
          }
        },
        "line": 60
      },
      "5": {
        "name": "(anonymous_5)",
        "decl": {
          "start": {
            "line": 65,
            "column": 42
          },
          "end": {
            "line": 65,
            "column": 43
          }
        },
        "loc": {
          "start": {
            "line": 65,
            "column": 49
          },
          "end": {
            "line": 65,
            "column": 60
          }
        },
        "line": 65
      },
      "6": {
        "name": "(anonymous_6)",
        "decl": {
          "start": {
            "line": 69,
            "column": 35
          },
          "end": {
            "line": 69,
            "column": 36
          }
        },
        "loc": {
          "start": {
            "line": 69,
            "column": 41
          },
          "end": {
            "line": 75,
            "column": 3
          }
        },
        "line": 69
      },
      "7": {
        "name": "(anonymous_7)",
        "decl": {
          "start": {
            "line": 77,
            "column": 23
          },
          "end": {
            "line": 77,
            "column": 24
          }
        },
        "loc": {
          "start": {
            "line": 77,
            "column": 29
          },
          "end": {
            "line": 79,
            "column": 3
          }
        },
        "line": 77
      },
      "8": {
        "name": "(anonymous_8)",
        "decl": {
          "start": {
            "line": 81,
            "column": 50
          },
          "end": {
            "line": 81,
            "column": 51
          }
        },
        "loc": {
          "start": {
            "line": 81,
            "column": 56
          },
          "end": {
            "line": 84,
            "column": 3
          }
        },
        "line": 81
      }
    },
    "branchMap": {},
    "s": {
      "0": 5,
      "1": 5,
      "2": 5,
      "3": 214,
      "4": 212,
      "5": 212,
      "6": 212,
      "7": 3,
      "8": 212,
      "9": 0,
      "10": 212,
      "11": 212,
      "12": 212,
      "13": 0,
      "14": 212,
      "15": 0,
      "16": 212,
      "17": 212,
      "18": 212,
      "19": 212,
      "20": 212,
      "21": 3,
      "22": 3,
      "23": 3,
      "24": 3,
      "25": 3,
      "26": 212,
      "27": 3,
      "28": 212,
      "29": 0,
      "30": 0,
      "31": 212
    },
    "f": {
      "0": 214,
      "1": 3,
      "2": 0,
      "3": 0,
      "4": 0,
      "5": 212,
      "6": 3,
      "7": 3,
      "8": 0
    },
    "b": {},
    "_coverageSchema": "1a1c01bbd47fc00a2c39e90264f33305004495a9",
    "hash": "32e9dc2414a13ec31ec88ff0d6eb7969b2255559"
  },
  "/Users/raghammer/Desktop/COMP6080/ass4/presto/frontend/src/App.jsx": {
    "path": "/Users/raghammer/Desktop/COMP6080/ass4/presto/frontend/src/App.jsx",
    "statementMap": {
      "0": {
        "start": {
          "line": 10,
          "column": 12
        },
        "end": {
          "line": 40,
          "column": 1
        }
      },
      "1": {
        "start": {
          "line": 11,
          "column": 2
        },
        "end": {
          "line": 39,
          "column": 4
        }
      }
    },
    "fnMap": {
      "0": {
        "name": "(anonymous_0)",
        "decl": {
          "start": {
            "line": 10,
            "column": 12
          },
          "end": {
            "line": 10,
            "column": 13
          }
        },
        "loc": {
          "start": {
            "line": 10,
            "column": 18
          },
          "end": {
            "line": 40,
            "column": 1
          }
        },
        "line": 10
      }
    },
    "branchMap": {},
    "s": {
      "0": 5,
      "1": 12
    },
    "f": {
      "0": 12
    },
    "b": {},
    "_coverageSchema": "1a1c01bbd47fc00a2c39e90264f33305004495a9",
    "hash": "aa5dd3e740db8461c6fcfd31ed93595e0ac7ab84"
  },
  "/Users/raghammer/Desktop/COMP6080/ass4/presto/frontend/src/index.jsx": {
    "path": "/Users/raghammer/Desktop/COMP6080/ass4/presto/frontend/src/index.jsx",
    "statementMap": {
      "0": {
        "start": {
          "line": 5,
          "column": 13
        },
        "end": {
          "line": 5,
          "column": 65
        }
      },
      "1": {
        "start": {
          "line": 6,
          "column": 0
        },
        "end": {
          "line": 10,
          "column": 2
        }
      }
    },
    "fnMap": {},
    "branchMap": {},
    "s": {
      "0": 5,
      "1": 5
    },
    "f": {},
    "b": {},
    "_coverageSchema": "1a1c01bbd47fc00a2c39e90264f33305004495a9",
    "hash": "5f879d4004de0576cb2cbc779246e3c157e7ed41"
  }
}